

----------------------------------------------------------------------
    APBS -- Adaptive Poisson-Boltzmann Solver
    Version 1.5
    
    Nathan A. Baker (nathan.baker@pnnl.gov)
    Pacific Northwest National Laboratory
    
    Additional contributing authors listed in the code documentation.
    
    Copyright (c) 2010-2014 Battelle Memorial Institute. Developed at the Pacific
    Northwest National Laboratory, operated by Battelle Memorial Institute, Pacific
    Northwest Division for the U.S. Department of Energy.
    
    Portions Copyright (c) 2002-2010, Washington University in St. Louis.
    Portions Copyright (c) 2002-2010, Nathan A. Baker.
    Portions Copyright (c) 1999-2002, The Regents of the University of California.
    Portions Copyright (c) 1995, Michael Holst.
    All rights reserved.
    
    Redistribution and use in source and binary forms, with or without
    modification, are permitted provided that the following conditions are met:
    
    * Redistributions of source code must retain the above copyright notice, this
      list of conditions and the following disclaimer.
    
    * Redistributions in binary form must reproduce the above copyright notice,
      this list of conditions and the following disclaimer in the documentation
      and/or other materials provided with the distribution.
    
    * Neither the name of the developer nor the names of its contributors may be
      used to endorse or promote products derived from this software without
      specific prior written permission.
    
    THIS SOFTWARE IS PROVIDED BY THE COPYRIGHT HOLDERS AND CONTRIBUTORS "AS IS" AND
    ANY EXPRESS OR IMPLIED WARRANTIES, INCLUDING, BUT NOT LIMITED TO, THE IMPLIED
    WARRANTIES OF MERCHANTABILITY AND FITNESS FOR A PARTICULAR PURPOSE ARE
    DISCLAIMED. IN NO EVENT SHALL THE COPYRIGHT OWNER OR CONTRIBUTORS BE LIABLE FOR
    ANY DIRECT, INDIRECT, INCIDENTAL, SPECIAL, EXEMPLARY, OR CONSEQUENTIAL DAMAGES
    (INCLUDING, BUT NOT LIMITED TO, PROCUREMENT OF SUBSTITUTE GOODS OR SERVICES;
    LOSS OF USE, DATA, OR PROFITS; OR BUSINESS INTERRUPTION) HOWEVER CAUSED AND
    ON ANY THEORY OF LIABILITY, WHETHER IN CONTRACT, STRICT LIABILITY, OR TORT
    (INCLUDING NEGLIGENCE OR OTHERWISE) ARISING IN ANY WAY OUT OF THE USE OF THIS
    SOFTWARE, EVEN IF ADVISED OF THE POSSIBILITY OF SUCH DAMAGE.
----------------------------------------------------------------------
    APBS uses FETK (the Finite Element ToolKit) to solve the
    Poisson-Boltzmann equation numerically.  FETK is a portable collection
    of finite element modeling class libraries developed by the Michael Holst
    research group and written in an object-oriented form of C.  FEtk is
    designed to solve general coupled systems of nonlinear partial differential
    equations using adaptive finite element methods, inexact Newton methods,
    and algebraic multilevel methods.  More information about FEtk may be found
    at <http://www.FEtk.ORG>.
----------------------------------------------------------------------
    APBS also uses Aqua to solve the Poisson-Boltzmann equation numerically.  
    Aqua is a modified form of the Holst group PMG library <http://www.FEtk.ORG>
    which has been modified by Patrice Koehl
    <http://koehllab.genomecenter.ucdavis.edu/> for improved efficiency and
    memory usage when solving the Poisson-Boltzmann equation.
----------------------------------------------------------------------
    Please cite your use of APBS as:

    Baker NA, Sept D, Joseph S, Holst MJ, McCammon JA. Electrostatics of
    nanosystems: application to microtubules and the ribosome. Proc.
    Natl. Acad. Sci. USA 98, 10037-10041 2001.
    

This executable compiled on Oct 17 2016 at 16:11:10

Parsing input file _pid~42ns.apbs...
rank 0 size 1...
read
Parsed input file.
Got paths for 3 molecules
Reading PQR-format atom data from _pid~42ns_com.pqr.
  913 atoms
  Centered at (-6.707e+00, 4.260e+01, 1.860e+01)
  Net charge -3.00e+01 e
Reading PQR-format atom data from _pid~42ns_pro.pqr.
  870 atoms
  Centered at (-6.707e+00, 4.260e+01, 1.860e+01)
  Net charge -2.60e+01 e
Reading PQR-format atom data from _pid~42ns_lig.pqr.
  43 atoms
  Centered at (9.236e+00, 4.891e+01, 2.062e+01)
  Net charge -4.00e+00 e
Preparing to run 15 PBE calculations.
----------------------------------------
CALCULATION #1 (_pid~42ns_com): MULTIGRID
  Setting up problem...
  Vpbe_ctor:  Using max ion radius (1.81 A) for exclusion function
  Debye length:  7.8566 A
  Current memory usage:  644.584 MB total, 644.584 MB high water
  Grid dimensions: 129 x 161 x 129
  Grid spacings: 1.242 x 1.182 x 1.321
  Grid lengths: 159.033 x 189.054 x 169.080
  Grid center: (-7.599, 40.773, 17.869)
  Multigrid levels: 4
  Molecule ID: 1
  Nonlinear traditional PBE
  Multiple Debye-Huckel sphere boundary conditions
  2 ion species (0.150 M ionic strength):
    0.950 A-radius, 1.000 e-charge, 0.150 M concentration
    1.810 A-radius, -1.000 e-charge, 0.150 M concentration
  Solute dielectric: 2.000
  Solvent dielectric: 78.540
  Using "molecular" surface definition;harmonic average smoothing
  Solvent probe radius: 1.400 A
  Temperature:  298.150 K
  Electrostatic energies will be calculated
  Total electrostatic energy = 1.306677708275E+04 kJ/mol
  Fixed charge energy = 8394.28 kJ/mol
  Mobile charge energy = 41.3344 kJ/mol
  Dielectric energy = 3680.46 kJ/mol
  Per-atom energies:
      Atom 0:  4.406695219643E+01 kJ/mol
      Atom 1:  -1.088297455864E+01 kJ/mol
      Atom 2:  -1.207717879637E+00 kJ/mol
      Atom 3:  -1.962584886222E-01 kJ/mol
      Atom 4:  -1.269460236625E+00 kJ/mol
      Atom 5:  -4.661219209545E+00 kJ/mol
      Atom 6:  -3.474501007101E-01 kJ/mol
      Atom 7:  2.947783020990E+01 kJ/mol
      Atom 8:  -3.368077434806E+00 kJ/mol
      Atom 9:  2.788533114106E-01 kJ/mol
      Atom 10:  -9.787267495031E-01 kJ/mol
      Atom 11:  6.832815732573E+00 kJ/mol
      Atom 12:  2.131502139062E+01 kJ/mol
      Atom 13:  5.013574158484E+00 kJ/mol
      Atom 14:  2.440537668397E+00 kJ/mol
      Atom 15:  2.696455817248E+01 kJ/mol
      Atom 16:  -9.790798550443E+00 kJ/mol
      Atom 17:  -2.611197441190E-02 kJ/mol
      Atom 18:  4.563253727028E+01 kJ/mol
      Atom 19:  7.302249455647E+00 kJ/mol
      Atom 20:  1.772580167508E+00 kJ/mol
      Atom 21:  1.528068358773E+01 kJ/mol
      Atom 22:  -3.166422532165E+00 kJ/mol
      Atom 23:  -2.267606040813E+00 kJ/mol
      Atom 24:  5.106322621146E+00 kJ/mol
      Atom 25:  -1.011025682005E+00 kJ/mol
      Atom 26:  -1.809225471272E+00 kJ/mol
      Atom 27:  -4.352291584086E-01 kJ/mol
      Atom 28:  -1.027722422228E+00 kJ/mol
      Atom 29:  1.529783917511E+01 kJ/mol
      Atom 30:  9.034320681833E+01 kJ/mol
      Atom 31:  1.776021967820E+01 kJ/mol
      Atom 32:  2.286119306722E+01 kJ/mol
      Atom 33:  2.126131003501E+01 kJ/mol
      Atom 34:  2.414599102434E+00 kJ/mol
      Atom 35:  -9.378414648937E-01 kJ/mol
      Atom 36:  -9.599142342500E-01 kJ/mol
      Atom 37:  -5.460969340623E+00 kJ/mol
      Atom 38:  -8.065965391972E-01 kJ/mol
      Atom 39:  2.831189949109E+01 kJ/mol
      Atom 40:  -2.879877833531E+00 kJ/mol
      Atom 41:  -6.548499553471E-01 kJ/mol
      Atom 42:  -2.532299173169E-01 kJ/mol
      Atom 43:  3.847453711959E-01 kJ/mol
      Atom 44:  1.081827220868E+00 kJ/mol
      Atom 45:  -2.233760522787E+00 kJ/mol
      Atom 46:  6.726402025069E-01 kJ/mol
      Atom 47:  -4.068649566613E+00 kJ/mol
      Atom 48:  1.691007214391E+01 kJ/mol
      Atom 49:  1.496480811177E+01 kJ/mol
      Atom 50:  5.980820302062E+00 kJ/mol
      Atom 51:  5.334738922221E-01 kJ/mol
      Atom 52:  3.752020954599E-01 kJ/mol
      Atom 53:  -3.518418293809E-01 kJ/mol
      Atom 54:  4.392525717163E+00 kJ/mol
      Atom 55:  -9.895185075273E-01 kJ/mol
      Atom 56:  -7.942090366456E-01 kJ/mol
      Atom 57:  -3.944130611489E-01 kJ/mol
      Atom 58:  -2.079703702381E+00 kJ/mol
      Atom 59:  1.835792066151E+01 kJ/mol
      Atom 60:  4.929419956128E+01 kJ/mol
      Atom 61:  2.068888663648E+01 kJ/mol
      Atom 62:  2.238225453848E+01 kJ/mol
      Atom 63:  2.006815852919E+01 kJ/mol
      Atom 64:  3.146338906903E+00 kJ/mol
      Atom 65:  -1.192308542957E+00 kJ/mol
      Atom 66:  -1.046089606466E+00 kJ/mol
      Atom 67:  -4.639736319894E+00 kJ/mol
      Atom 68:  -6.323900981358E-01 kJ/mol
      Atom 69:  3.169680220400E+01 kJ/mol
      Atom 70:  -3.276420742729E+00 kJ/mol
      Atom 71:  -1.100030383793E+00 kJ/mol
      Atom 72:  -3.136183524535E-02 kJ/mol
      Atom 73:  5.292967495998E-01 kJ/mol
      Atom 74:  2.273801189964E+00 kJ/mol
      Atom 75:  -2.298896276624E+00 kJ/mol
      Atom 76:  4.506577305902E-01 kJ/mol
      Atom 77:  -1.381952641396E+00 kJ/mol
      Atom 78:  1.553669739332E+01 kJ/mol
      Atom 79:  1.303261960546E+01 kJ/mol
      Atom 80:  4.376441431858E+00 kJ/mol
      Atom 81:  7.926436097369E+00 kJ/mol
      Atom 82:  1.681212578072E+00 kJ/mol
      Atom 83:  3.630939465284E-01 kJ/mol
      Atom 84:  5.344417144117E+00 kJ/mol
      Atom 85:  -1.050665806700E+00 kJ/mol
      Atom 86:  -1.420061275941E+00 kJ/mol
      Atom 87:  -4.270945966987E-01 kJ/mol
      Atom 88:  -1.929798255574E+00 kJ/mol
      Atom 89:  2.455563533878E+01 kJ/mol
      Atom 90:  5.861103450494E+01 kJ/mol
      Atom 91:  3.629631585518E+01 kJ/mol
      Atom 92:  2.394358292900E+01 kJ/mol
      Atom 93:  1.718714832754E+01 kJ/mol
      Atom 94:  2.351941219796E+00 kJ/mol
      Atom 95:  -7.799700637766E-01 kJ/mol
      Atom 96:  -1.480948993799E+00 kJ/mol
      Atom 97:  -5.624532283051E+00 kJ/mol
      Atom 98:  -1.228199705492E+00 kJ/mol
      Atom 99:  3.552723970542E+01 kJ/mol
      Atom 100:  -6.632967315676E+00 kJ/mol
      Atom 101:  -3.116764979836E+00 kJ/mol
      Atom 102:  7.770093471857E+00 kJ/mol
      Atom 103:  1.206763829226E+00 kJ/mol
      Atom 104:  2.023848716533E+00 kJ/mol
      Atom 105:  1.512311399245E+00 kJ/mol
      Atom 106:  9.346079188221E+00 kJ/mol
      Atom 107:  -2.627306289356E+00 kJ/mol
      Atom 108:  2.282411524315E+00 kJ/mol
      Atom 109:  9.155665324309E+00 kJ/mol
      Atom 110:  1.044846700607E+01 kJ/mol
      Atom 111:  -1.442295882456E+00 kJ/mol
      Atom 112:  5.277781688673E-02 kJ/mol
      Atom 113:  -1.114551347826E-01 kJ/mol
      Atom 114:  6.184743215694E-02 kJ/mol
      Atom 115:  6.299846140086E-02 kJ/mol
      Atom 116:  6.283505973261E+00 kJ/mol
      Atom 117:  -2.358628119391E+00 kJ/mol
      Atom 118:  -1.356350347366E+00 kJ/mol
      Atom 119:  -3.769005013114E-01 kJ/mol
      Atom 120:  -1.018056118503E+00 kJ/mol
      Atom 121:  2.105548918896E+01 kJ/mol
      Atom 122:  3.125731192858E+01 kJ/mol
      Atom 123:  3.985782542213E+01 kJ/mol
      Atom 124:  2.863895427009E+01 kJ/mol
      Atom 125:  1.781482477559E+01 kJ/mol
      Atom 126:  3.117469147335E+00 kJ/mol
      Atom 127:  -1.547772980625E+00 kJ/mol
      Atom 128:  -1.890946217068E+00 kJ/mol
      Atom 129:  -6.262721455254E+00 kJ/mol
      Atom 130:  -1.085157053126E+00 kJ/mol
      Atom 131:  2.762678594834E+01 kJ/mol
      Atom 132:  -2.207376214877E+00 kJ/mol
      Atom 133:  3.631609296601E-01 kJ/mol
      Atom 134:  -2.329880064685E-01 kJ/mol
      Atom 135:  2.336411561315E+00 kJ/mol
      Atom 136:  -7.045059823241E+00 kJ/mol
      Atom 137:  1.669782430842E+00 kJ/mol
      Atom 138:  5.190951367370E+00 kJ/mol
      Atom 139:  2.490914374772E+01 kJ/mol
      Atom 140:  2.846592041967E+01 kJ/mol
      Atom 141:  -1.555854394447E+01 kJ/mol
      Atom 142:  7.764685260410E+00 kJ/mol
      Atom 143:  9.354538281083E+00 kJ/mol
      Atom 144:  1.308220217055E+01 kJ/mol
      Atom 145:  0.000000000000E+00 kJ/mol
      Atom 146:  4.489895239226E+01 kJ/mol
      Atom 147:  -5.794000299383E-01 kJ/mol
      Atom 148:  -1.599011800909E-01 kJ/mol
      Atom 149:  2.851773138182E+00 kJ/mol
      Atom 150:  -1.684075677402E-01 kJ/mol
      Atom 151:  -1.243210390269E-01 kJ/mol
      Atom 152:  -3.127427501913E-01 kJ/mol
      Atom 153:  -1.777182475681E+00 kJ/mol
      Atom 154:  2.301734445003E+01 kJ/mol
      Atom 155:  6.345176165134E+01 kJ/mol
      Atom 156:  3.640419375513E+01 kJ/mol
      Atom 157:  3.550068171428E+01 kJ/mol
      Atom 158:  1.823052431902E+01 kJ/mol
      Atom 159:  2.729067544607E+00 kJ/mol
      Atom 160:  -8.944550735181E-01 kJ/mol
      Atom 161:  -2.812210105369E-01 kJ/mol
      Atom 162:  -5.900773281655E+00 kJ/mol
      Atom 163:  -4.773659648377E-01 kJ/mol
      Atom 164:  2.726462319756E+01 kJ/mol
      Atom 165:  -2.377092017013E+00 kJ/mol
      Atom 166:  -5.244641366738E-01 kJ/mol
      Atom 167:  -8.475626109642E-02 kJ/mol
      Atom 168:  -4.451777764432E+00 kJ/mol
      Atom 169:  2.693975200867E+00 kJ/mol
      Atom 170:  1.288987949022E-01 kJ/mol
      Atom 171:  -7.890321164046E+00 kJ/mol
      Atom 172:  2.698014032835E+01 kJ/mol
      Atom 173:  9.244613441740E+00 kJ/mol
      Atom 174:  -8.920329325026E+00 kJ/mol
      Atom 175:  4.465065094090E+00 kJ/mol
      Atom 176:  1.311233368652E+01 kJ/mol
      Atom 177:  1.653401509056E+01 kJ/mol
      Atom 178:  0.000000000000E+00 kJ/mol
      Atom 179:  4.625342874287E+01 kJ/mol
      Atom 180:  1.671603241198E+00 kJ/mol
      Atom 181:  3.782630426088E+00 kJ/mol
      Atom 182:  4.756785244835E+00 kJ/mol
      Atom 183:  -2.169078505368E+00 kJ/mol
      Atom 184:  -1.101075503653E+00 kJ/mol
      Atom 185:  -4.430159172956E-01 kJ/mol
      Atom 186:  -2.021746521496E+00 kJ/mol
      Atom 187:  2.847475626111E+01 kJ/mol
      Atom 188:  4.940071687783E+01 kJ/mol
      Atom 189:  4.122409663759E+01 kJ/mol
      Atom 190:  3.020539201498E+01 kJ/mol
      Atom 191:  2.558848448260E+01 kJ/mol
      Atom 192:  2.497417841805E+00 kJ/mol
      Atom 193:  -9.716557776101E-01 kJ/mol
      Atom 194:  -1.905586898074E+00 kJ/mol
      Atom 195:  -5.651830527261E+00 kJ/mol
      Atom 196:  -8.310861000556E-01 kJ/mol
      Atom 197:  3.753752022100E+01 kJ/mol
      Atom 198:  -3.750084427313E+00 kJ/mol
      Atom 199:  -1.643506066427E+00 kJ/mol
      Atom 200:  4.726539750540E-02 kJ/mol
      Atom 201:  -1.010235335730E+00 kJ/mol
      Atom 202:  -2.939827062827E+00 kJ/mol
      Atom 203:  1.014402889938E+00 kJ/mol
      Atom 204:  2.397301962190E+00 kJ/mol
      Atom 205:  2.792624058693E+01 kJ/mol
      Atom 206:  1.506938781612E+01 kJ/mol
      Atom 207:  -1.286536960893E+01 kJ/mol
      Atom 208:  7.853824048954E+00 kJ/mol
      Atom 209:  1.113095327800E+01 kJ/mol
      Atom 210:  1.686085084073E+01 kJ/mol
      Atom 211:  0.000000000000E+00 kJ/mol
      Atom 212:  4.887926301353E+01 kJ/mol
      Atom 213:  -8.307837705783E-01 kJ/mol
      Atom 214:  1.564571563289E+00 kJ/mol
      Atom 215:  7.070862831161E+00 kJ/mol
      Atom 216:  -2.664217592802E+00 kJ/mol
      Atom 217:  -2.030555436489E+00 kJ/mol
      Atom 218:  -4.271264525766E-01 kJ/mol
      Atom 219:  -2.182699141365E+00 kJ/mol
      Atom 220:  2.722236295497E+01 kJ/mol
      Atom 221:  6.718200412641E+01 kJ/mol
      Atom 222:  3.111763980137E+01 kJ/mol
      Atom 223:  2.503423352176E+01 kJ/mol
      Atom 224:  2.202017920455E+01 kJ/mol
      Atom 225:  3.148398037950E+00 kJ/mol
      Atom 226:  -1.167964245013E+00 kJ/mol
      Atom 227:  -1.256838245996E+00 kJ/mol
      Atom 228:  -5.725181262701E+00 kJ/mol
      Atom 229:  -2.408874077139E-01 kJ/mol
      Atom 230:  3.206935019243E+01 kJ/mol
      Atom 231:  -2.869361013809E+00 kJ/mol
      Atom 232:  -7.075044411344E-01 kJ/mol
      Atom 233:  4.033673954209E-02 kJ/mol
      Atom 234:  -2.504380511625E+00 kJ/mol
      Atom 235:  4.058451163992E-01 kJ/mol
      Atom 236:  -1.095078731310E+00 kJ/mol
      Atom 237:  7.842599331767E-01 kJ/mol
      Atom 238:  2.687525861887E+01 kJ/mol
      Atom 239:  8.532781895548E+00 kJ/mol
      Atom 240:  -1.054016884752E+01 kJ/mol
      Atom 241:  5.203008413255E+00 kJ/mol
      Atom 242:  6.852446597968E+00 kJ/mol
      Atom 243:  1.959324462152E+01 kJ/mol
      Atom 244:  0.000000000000E+00 kJ/mol
      Atom 245:  4.370861332244E+01 kJ/mol
      Atom 246:  -2.863652034338E+00 kJ/mol
      Atom 247:  -1.393592016617E+00 kJ/mol
      Atom 248:  4.221772554288E+00 kJ/mol
      Atom 249:  -1.018337530595E+00 kJ/mol
      Atom 250:  -1.207982495890E+00 kJ/mol
      Atom 251:  -4.533271599970E-01 kJ/mol
      Atom 252:  -2.113980494738E+00 kJ/mol
      Atom 253:  2.329202614982E+01 kJ/mol
      Atom 254:  8.486815595743E+01 kJ/mol
      Atom 255:  3.437537144283E+01 kJ/mol
      Atom 256:  3.281727128171E+01 kJ/mol
      Atom 257:  2.313258915629E+01 kJ/mol
      Atom 258:  2.960647363386E+00 kJ/mol
      Atom 259:  -9.609113345016E-01 kJ/mol
      Atom 260:  -1.709116691206E+00 kJ/mol
      Atom 261:  -6.271241718948E+00 kJ/mol
      Atom 262:  -1.412019913159E+00 kJ/mol
      Atom 263:  4.041834618078E+01 kJ/mol
      Atom 264:  -5.066565042385E+00 kJ/mol
      Atom 265:  -2.291041540898E+00 kJ/mol
      Atom 266:  1.051137757386E-01 kJ/mol
      Atom 267:  -2.663267843944E+00 kJ/mol
      Atom 268:  -2.920184768171E+00 kJ/mol
      Atom 269:  2.847248726442E+00 kJ/mol
      Atom 270:  5.269465742153E-02 kJ/mol
      Atom 271:  3.314740532740E+01 kJ/mol
      Atom 272:  8.745343169040E+00 kJ/mol
      Atom 273:  -7.622090529677E+00 kJ/mol
      Atom 274:  2.020144998601E+00 kJ/mol
      Atom 275:  3.635177551073E+00 kJ/mol
      Atom 276:  2.226159225675E+01 kJ/mol
      Atom 277:  0.000000000000E+00 kJ/mol
      Atom 278:  3.996037631777E+01 kJ/mol
      Atom 279:  -2.212706119143E+00 kJ/mol
      Atom 280:  -3.433317370344E-01 kJ/mol
      Atom 281:  8.249143876018E+00 kJ/mol
      Atom 282:  -3.813047315054E+00 kJ/mol
      Atom 283:  -2.488651609250E+00 kJ/mol
      Atom 284:  -6.308100347800E-01 kJ/mol
      Atom 285:  -3.142217763338E+00 kJ/mol
      Atom 286:  3.747208318500E+01 kJ/mol
      Atom 287:  4.730763611159E+00 kJ/mol
      Atom 288:  6.113431786246E+01 kJ/mol
      Atom 289:  2.786089589401E+01 kJ/mol
      Atom 290:  4.099956061723E+01 kJ/mol
      Atom 291:  3.924526141598E+00 kJ/mol
      Atom 292:  -1.877949767545E+00 kJ/mol
      Atom 293:  -1.999964277656E+00 kJ/mol
      Atom 294:  -6.839600465517E+00 kJ/mol
      Atom 295:  -1.394326444384E+00 kJ/mol
      Atom 296:  4.080659551882E+01 kJ/mol
      Atom 297:  -6.750582798617E+00 kJ/mol
      Atom 298:  -1.993664394155E+00 kJ/mol
      Atom 299:  7.482682980574E-01 kJ/mol
      Atom 300:  -8.896143911591E+00 kJ/mol
      Atom 301:  8.435240261144E+01 kJ/mol
      Atom 302:  -1.729970096312E+01 kJ/mol
      Atom 303:  -5.612048743708E+00 kJ/mol
      Atom 304:  6.817877633094E+01 kJ/mol
      Atom 305:  -1.277298026390E+01 kJ/mol
      Atom 306:  1.455969066863E+00 kJ/mol
      Atom 307:  4.625907810381E+01 kJ/mol
      Atom 308:  -8.635514426637E+00 kJ/mol
      Atom 309:  -2.298328362792E+01 kJ/mol
      Atom 310:  6.232324864025E+01 kJ/mol
      Atom 311:  -1.538325542284E+01 kJ/mol
      Atom 312:  -3.570828016258E+01 kJ/mol
      Atom 313:  9.011936218679E+00 kJ/mol
      Atom 314:  -3.602604614048E+00 kJ/mol
      Atom 315:  -4.492306794057E+00 kJ/mol
      Atom 316:  -6.061741994728E-01 kJ/mol
      Atom 317:  -2.807091011730E+00 kJ/mol
      Atom 318:  2.034057086525E+01 kJ/mol
      Atom 319:  1.142534035968E+01 kJ/mol
      Atom 320:  3.135274960824E+01 kJ/mol
      Atom 321:  3.405918532250E+01 kJ/mol
      Atom 322:  2.057732544253E+01 kJ/mol
      Atom 323:  3.305089469537E+00 kJ/mol
      Atom 324:  -1.098149805267E+00 kJ/mol
      Atom 325:  -1.485268982378E+00 kJ/mol
      Atom 326:  -4.591644829343E+00 kJ/mol
      Atom 327:  -4.799089435093E-01 kJ/mol
      Atom 328:  2.707122109201E+01 kJ/mol
      Atom 329:  -3.128220163420E+00 kJ/mol
      Atom 330:  -1.410659738992E+00 kJ/mol
      Atom 331:  -4.031896479293E-02 kJ/mol
      Atom 332:  -2.458994475364E+00 kJ/mol
      Atom 333:  4.285453822272E-01 kJ/mol
      Atom 334:  6.715578802925E-01 kJ/mol
      Atom 335:  1.883378158731E-01 kJ/mol
      Atom 336:  3.193781220421E+01 kJ/mol
      Atom 337:  1.262254589447E+01 kJ/mol
      Atom 338:  -1.037435607959E+01 kJ/mol
      Atom 339:  3.312045483737E+00 kJ/mol
      Atom 340:  1.506208428002E-02 kJ/mol
      Atom 341:  2.124383045314E+01 kJ/mol
      Atom 342:  0.000000000000E+00 kJ/mol
      Atom 343:  4.162040736806E+01 kJ/mol
      Atom 344:  -6.388256244512E-01 kJ/mol
      Atom 345:  1.439553041725E+00 kJ/mol
      Atom 346:  4.752304029102E+00 kJ/mol
      Atom 347:  -1.370449023262E+00 kJ/mol
      Atom 348:  -8.573372167214E-01 kJ/mol
      Atom 349:  -4.294660528222E-01 kJ/mol
      Atom 350:  -1.672714199419E+00 kJ/mol
      Atom 351:  1.682958306821E+01 kJ/mol
      Atom 352:  6.102749764428E+01 kJ/mol
      Atom 353:  1.462750502370E+01 kJ/mol
      Atom 354:  1.361423897463E+01 kJ/mol
      Atom 355:  2.724015963734E+01 kJ/mol
      Atom 356:  2.795929391093E+00 kJ/mol
      Atom 357:  -1.309655054946E+00 kJ/mol
      Atom 358:  -1.729507104844E+00 kJ/mol
      Atom 359:  -4.141355871342E+00 kJ/mol
      Atom 360:  -7.210852236649E-01 kJ/mol
      Atom 361:  3.111769657691E+01 kJ/mol
      Atom 362:  -5.678464682896E+00 kJ/mol
      Atom 363:  -5.999377431687E-01 kJ/mol
      Atom 364:  8.601085081708E+00 kJ/mol
      Atom 365:  -2.767463668477E-02 kJ/mol
      Atom 366:  1.763640369762E-01 kJ/mol
      Atom 367:  -3.659086631391E+00 kJ/mol
      Atom 368:  8.437296120698E+00 kJ/mol
      Atom 369:  -8.174804018494E-01 kJ/mol
      Atom 370:  3.960817676673E+00 kJ/mol
      Atom 371:  -7.055921079609E-02 kJ/mol
      Atom 372:  1.649458757299E+01 kJ/mol
      Atom 373:  -4.310763009310E-03 kJ/mol
      Atom 374:  8.867070932296E-01 kJ/mol
      Atom 375:  -9.402923256422E-02 kJ/mol
      Atom 376:  -5.115130376958E-01 kJ/mol
      Atom 377:  -1.476317144449E-01 kJ/mol
      Atom 378:  5.818957436076E+00 kJ/mol
      Atom 379:  -9.832914671261E-01 kJ/mol
      Atom 380:  -2.145209304448E+00 kJ/mol
      Atom 381:  -4.385667692265E-01 kJ/mol
      Atom 382:  -1.622984264048E+00 kJ/mol
      Atom 383:  1.456794868428E+01 kJ/mol
      Atom 384:  8.943958811044E+01 kJ/mol
      Atom 385:  4.037926662549E+01 kJ/mol
      Atom 386:  2.664511322347E+01 kJ/mol
      Atom 387:  2.931723764125E+01 kJ/mol
      Atom 388:  2.551554034551E+00 kJ/mol
      Atom 389:  -1.333116272645E+00 kJ/mol
      Atom 390:  -1.437080886816E+00 kJ/mol
      Atom 391:  -5.837559429404E+00 kJ/mol
      Atom 392:  -6.021238680874E-01 kJ/mol
      Atom 393:  3.008272823003E+01 kJ/mol
      Atom 394:  -1.460298089607E+00 kJ/mol
      Atom 395:  -6.127678073184E-01 kJ/mol
      Atom 396:  -1.693245190703E+00 kJ/mol
      Atom 397:  6.722054485724E+00 kJ/mol
      Atom 398:  2.427162176743E+01 kJ/mol
      Atom 399:  4.949951757015E+00 kJ/mol
      Atom 400:  3.884713499707E+00 kJ/mol
      Atom 401:  3.828664440332E+01 kJ/mol
      Atom 402:  -7.749569592822E-01 kJ/mol
      Atom 403:  1.701540186964E+00 kJ/mol
      Atom 404:  2.792254485737E+01 kJ/mol
      Atom 405:  9.132909663344E+00 kJ/mol
      Atom 406:  3.545775376034E+00 kJ/mol
      Atom 407:  2.154125347850E+01 kJ/mol
      Atom 408:  -7.378931715232E-01 kJ/mol
      Atom 409:  -2.566126929541E+00 kJ/mol
      Atom 410:  5.317306897243E+00 kJ/mol
      Atom 411:  -5.514589144655E-01 kJ/mol
      Atom 412:  -1.044513718440E+00 kJ/mol
      Atom 413:  -5.334953271017E-01 kJ/mol
      Atom 414:  -3.560910062181E+00 kJ/mol
      Atom 415:  1.790581559721E+01 kJ/mol
      Atom 416:  3.246098905406E+01 kJ/mol
      Atom 417:  4.378244373046E+01 kJ/mol
      Atom 418:  4.643809648139E+01 kJ/mol
      Atom 419:  2.535397102492E+01 kJ/mol
      Atom 420:  3.213978442161E+00 kJ/mol
      Atom 421:  -1.928105864939E+00 kJ/mol
      Atom 422:  -2.213937172378E+00 kJ/mol
      Atom 423:  -6.294535200135E+00 kJ/mol
      Atom 424:  -7.153340608699E-01 kJ/mol
      Atom 425:  3.688575546512E+01 kJ/mol
      Atom 426:  -6.981813242455E+00 kJ/mol
      Atom 427:  -1.276328180668E+00 kJ/mol
      Atom 428:  7.802839123268E+00 kJ/mol
      Atom 429:  3.615087346300E-01 kJ/mol
      Atom 430:  3.768096057862E+00 kJ/mol
      Atom 431:  -3.860792732368E-01 kJ/mol
      Atom 432:  8.948109169282E+00 kJ/mol
      Atom 433:  -5.441020441792E+00 kJ/mol
      Atom 434:  3.114576825674E+00 kJ/mol
      Atom 435:  6.514426071966E+00 kJ/mol
      Atom 436:  1.210262362137E+01 kJ/mol
      Atom 437:  -1.218745989852E+00 kJ/mol
      Atom 438:  4.099264825719E-01 kJ/mol
      Atom 439:  -1.108836819490E-01 kJ/mol
      Atom 440:  -1.513186944119E-01 kJ/mol
      Atom 441:  1.192394471123E-02 kJ/mol
      Atom 442:  5.807292545094E+00 kJ/mol
      Atom 443:  -1.101857049454E+00 kJ/mol
      Atom 444:  -9.336751719044E-01 kJ/mol
      Atom 445:  -4.306694068202E-01 kJ/mol
      Atom 446:  -1.630849191921E+00 kJ/mol
      Atom 447:  1.355948090431E+01 kJ/mol
      Atom 448:  2.771426308679E+01 kJ/mol
      Atom 449:  1.737744999134E+01 kJ/mol
      Atom 450:  1.928913475563E+01 kJ/mol
      Atom 451:  1.751618733736E+01 kJ/mol
      Atom 452:  2.653881789853E+00 kJ/mol
      Atom 453:  -7.201221346522E-01 kJ/mol
      Atom 454:  -1.378154973699E+00 kJ/mol
      Atom 455:  -5.637115360328E+00 kJ/mol
      Atom 456:  -8.807374836099E-01 kJ/mol
      Atom 457:  3.492373983974E+01 kJ/mol
      Atom 458:  -7.318996718605E+00 kJ/mol
      Atom 459:  -2.456547899022E+00 kJ/mol
      Atom 460:  8.469009094352E+00 kJ/mol
      Atom 461:  1.190950974890E+00 kJ/mol
      Atom 462:  3.804556812239E+00 kJ/mol
      Atom 463:  -2.230784726528E+00 kJ/mol
      Atom 464:  1.807674773477E+01 kJ/mol
      Atom 465:  -3.873854202672E+00 kJ/mol
      Atom 466:  7.424247763617E+00 kJ/mol
      Atom 467:  5.764853807526E+00 kJ/mol
      Atom 468:  2.574413699444E+01 kJ/mol
      Atom 469:  9.816151231523E-02 kJ/mol
      Atom 470:  6.301314605440E-01 kJ/mol
      Atom 471:  -2.059335128802E-01 kJ/mol
      Atom 472:  -6.516526334326E-01 kJ/mol
      Atom 473:  -2.565963978788E-01 kJ/mol
      Atom 474:  6.707930858331E+00 kJ/mol
      Atom 475:  -2.086833760917E+00 kJ/mol
      Atom 476:  -1.692623919014E+00 kJ/mol
      Atom 477:  -4.528913667336E-01 kJ/mol
      Atom 478:  -1.749785540681E+00 kJ/mol
      Atom 479:  2.643731248181E+01 kJ/mol
      Atom 480:  9.115026238554E+01 kJ/mol
      Atom 481:  3.267354832294E+01 kJ/mol
      Atom 482:  1.649891820081E+01 kJ/mol
      Atom 483:  2.916866608698E+01 kJ/mol
      Atom 484:  2.504891850353E+00 kJ/mol
      Atom 485:  -1.209072525380E+00 kJ/mol
      Atom 486:  -1.208253714010E+00 kJ/mol
      Atom 487:  -5.794368227355E+00 kJ/mol
      Atom 488:  -7.935540065189E-01 kJ/mol
      Atom 489:  2.984832193373E+01 kJ/mol
      Atom 490:  -5.835070715231E+00 kJ/mol
      Atom 491:  -1.841024870163E+00 kJ/mol
      Atom 492:  2.285528316244E-01 kJ/mol
      Atom 493:  -7.010962630172E+00 kJ/mol
      Atom 494:  -3.631686638935E+00 kJ/mol
      Atom 495:  4.559506635461E+00 kJ/mol
      Atom 496:  -9.875810003089E-01 kJ/mol
      Atom 497:  2.645141762088E+01 kJ/mol
      Atom 498:  5.328674775108E+00 kJ/mol
      Atom 499:  -9.557978710163E+00 kJ/mol
      Atom 500:  6.794017630955E+00 kJ/mol
      Atom 501:  1.058728276796E+01 kJ/mol
      Atom 502:  1.442861681909E+01 kJ/mol
      Atom 503:  0.000000000000E+00 kJ/mol
      Atom 504:  4.733497056733E+01 kJ/mol
      Atom 505:  -3.567541598308E+00 kJ/mol
      Atom 506:  1.236926794589E+00 kJ/mol
      Atom 507:  5.104689449868E+00 kJ/mol
      Atom 508:  -1.753807168398E+00 kJ/mol
      Atom 509:  -1.016501599719E+00 kJ/mol
      Atom 510:  -4.350641778843E-01 kJ/mol
      Atom 511:  -1.692788331480E+00 kJ/mol
      Atom 512:  2.902505681723E+01 kJ/mol
      Atom 513:  5.310405089422E+01 kJ/mol
      Atom 514:  2.389678865024E+01 kJ/mol
      Atom 515:  4.049626129872E+01 kJ/mol
      Atom 516:  2.529442246800E+01 kJ/mol
      Atom 517:  3.772741779807E+00 kJ/mol
      Atom 518:  -1.242068793046E+00 kJ/mol
      Atom 519:  -1.261058439432E+00 kJ/mol
      Atom 520:  -5.803609494331E+00 kJ/mol
      Atom 521:  -7.447614116495E-01 kJ/mol
      Atom 522:  3.980664118200E+01 kJ/mol
      Atom 523:  -4.114604278225E+00 kJ/mol
      Atom 524:  -1.080496325767E+00 kJ/mol
      Atom 525:  2.112427714672E+00 kJ/mol
      Atom 526:  1.800855859527E-01 kJ/mol
      Atom 527:  2.254473792333E+00 kJ/mol
      Atom 528:  -9.733336153650E-01 kJ/mol
      Atom 529:  1.159734406973E-01 kJ/mol
      Atom 530:  -1.309632485262E+01 kJ/mol
      Atom 531:  2.552241502775E+01 kJ/mol
      Atom 532:  2.597505249509E+01 kJ/mol
      Atom 533:  -6.670332059226E+00 kJ/mol
      Atom 534:  1.997772979375E+01 kJ/mol
      Atom 535:  -1.186461158764E+01 kJ/mol
      Atom 536:  -3.802792649243E+00 kJ/mol
      Atom 537:  5.720667046686E+00 kJ/mol
      Atom 538:  -9.110383344380E-01 kJ/mol
      Atom 539:  -2.195870776997E+00 kJ/mol
      Atom 540:  -4.530270414199E-01 kJ/mol
      Atom 541:  -2.328235203101E+00 kJ/mol
      Atom 542:  1.789732416257E+01 kJ/mol
      Atom 543:  5.996018661481E+01 kJ/mol
      Atom 544:  3.096542155155E+01 kJ/mol
      Atom 545:  2.874614677548E+01 kJ/mol
      Atom 546:  3.142377861533E+01 kJ/mol
      Atom 547:  3.952794971136E+00 kJ/mol
      Atom 548:  -2.427157038121E+00 kJ/mol
      Atom 549:  -2.193700834939E+00 kJ/mol
      Atom 550:  -7.253592822156E+00 kJ/mol
      Atom 551:  -1.666903991560E+00 kJ/mol
      Atom 552:  5.147767140098E+01 kJ/mol
      Atom 553:  -5.453085699481E+00 kJ/mol
      Atom 554:  -1.379102455034E+00 kJ/mol
      Atom 555:  4.621205193156E-01 kJ/mol
      Atom 556:  -1.010914593357E+01 kJ/mol
      Atom 557:  8.822497038787E+00 kJ/mol
      Atom 558:  -4.734576422236E+00 kJ/mol
      Atom 559:  -1.217796045172E+00 kJ/mol
      Atom 560:  4.905795940797E+01 kJ/mol
      Atom 561:  -9.307857665907E+00 kJ/mol
      Atom 562:  4.150536609083E+00 kJ/mol
      Atom 563:  -1.031010335541E+01 kJ/mol
      Atom 564:  -2.263101368616E+01 kJ/mol
      Atom 565:  5.793482709564E+01 kJ/mol
      Atom 566:  0.000000000000E+00 kJ/mol
      Atom 567:  6.486882578047E+01 kJ/mol
      Atom 568:  -3.919451034286E+00 kJ/mol
      Atom 569:  -5.374759132810E-02 kJ/mol
      Atom 570:  7.929454245317E+00 kJ/mol
      Atom 571:  -2.887955480319E+00 kJ/mol
      Atom 572:  -2.181674118553E+00 kJ/mol
      Atom 573:  -5.962569268762E-01 kJ/mol
      Atom 574:  -3.290294794903E+00 kJ/mol
      Atom 575:  2.105694772199E+01 kJ/mol
      Atom 576:  6.306114779151E+01 kJ/mol
      Atom 577:  3.646341853236E+01 kJ/mol
      Atom 578:  3.864149729236E+01 kJ/mol
      Atom 579:  3.953374518144E+01 kJ/mol
      Atom 580:  3.098615027359E+00 kJ/mol
      Atom 581:  -1.308123322844E+00 kJ/mol
      Atom 582:  -1.459139661760E+00 kJ/mol
      Atom 583:  -6.314407381374E+00 kJ/mol
      Atom 584:  -1.600413083266E+00 kJ/mol
      Atom 585:  2.996919398192E+01 kJ/mol
      Atom 586:  -4.453120973158E+00 kJ/mol
      Atom 587:  -1.844430560375E+00 kJ/mol
      Atom 588:  -6.902931003925E-02 kJ/mol
      Atom 589:  -3.408621477126E+00 kJ/mol
      Atom 590:  -6.831641004281E+00 kJ/mol
      Atom 591:  2.618269641325E+00 kJ/mol
      Atom 592:  5.196955432773E-01 kJ/mol
      Atom 593:  2.824128251171E+01 kJ/mol
      Atom 594:  1.717348602303E+01 kJ/mol
      Atom 595:  -1.078496887558E+01 kJ/mol
      Atom 596:  5.957533528487E+00 kJ/mol
      Atom 597:  9.800918696188E+00 kJ/mol
      Atom 598:  3.799909437869E+00 kJ/mol
      Atom 599:  0.000000000000E+00 kJ/mol
      Atom 600:  2.950682340874E+01 kJ/mol
      Atom 601:  3.525090916953E+00 kJ/mol
      Atom 602:  2.844762497296E+00 kJ/mol
      Atom 603:  6.208612051902E+00 kJ/mol
      Atom 604:  -2.010780083151E+00 kJ/mol
      Atom 605:  -2.079100319759E+00 kJ/mol
      Atom 606:  -4.501847194177E-01 kJ/mol
      Atom 607:  -1.796219126562E+00 kJ/mol
      Atom 608:  1.976062444481E+01 kJ/mol
      Atom 609:  7.067726625909E+01 kJ/mol
      Atom 610:  2.734940984926E+01 kJ/mol
      Atom 611:  3.174616375978E+01 kJ/mol
      Atom 612:  2.118007941044E+01 kJ/mol
      Atom 613:  2.673173639984E+00 kJ/mol
      Atom 614:  -1.329857642413E+00 kJ/mol
      Atom 615:  -1.469402881536E+00 kJ/mol
      Atom 616:  -4.392019561389E+00 kJ/mol
      Atom 617:  -5.275954434207E-01 kJ/mol
      Atom 618:  2.664529688428E+01 kJ/mol
      Atom 619:  -4.247300325917E+00 kJ/mol
      Atom 620:  -9.903149393759E-01 kJ/mol
      Atom 621:  -9.573616712499E-01 kJ/mol
      Atom 622:  6.536344285668E+00 kJ/mol
      Atom 623:  2.382443027275E+01 kJ/mol
      Atom 624:  -1.650607552047E-01 kJ/mol
      Atom 625:  1.295511354649E+00 kJ/mol
      Atom 626:  3.869890244310E+01 kJ/mol
      Atom 627:  -1.556003465779E+01 kJ/mol
      Atom 628:  -8.423560608495E-01 kJ/mol
      Atom 629:  3.267513719887E+01 kJ/mol
      Atom 630:  9.196086866021E+00 kJ/mol
      Atom 631:  -8.243196510587E+00 kJ/mol
      Atom 632:  2.420569850289E+01 kJ/mol
      Atom 633:  -5.276082823815E+00 kJ/mol
      Atom 634:  -4.134883918881E+00 kJ/mol
      Atom 635:  4.903451883130E+00 kJ/mol
      Atom 636:  -1.306989431241E+00 kJ/mol
      Atom 637:  -1.427295154927E+00 kJ/mol
      Atom 638:  -4.004043070717E-01 kJ/mol
      Atom 639:  -1.443559368727E+00 kJ/mol
      Atom 640:  1.100112173538E+01 kJ/mol
      Atom 641:  9.796939254631E+01 kJ/mol
      Atom 642:  1.899871004128E+01 kJ/mol
      Atom 643:  1.656221343598E+01 kJ/mol
      Atom 644:  2.491534314098E+01 kJ/mol
      Atom 645:  2.683178356828E+00 kJ/mol
      Atom 646:  -8.867133132786E-01 kJ/mol
      Atom 647:  -7.996846860734E-01 kJ/mol
      Atom 648:  -5.670833557960E+00 kJ/mol
      Atom 649:  -1.165378554478E-01 kJ/mol
      Atom 650:  2.895805192713E+01 kJ/mol
      Atom 651:  -3.887002910652E+00 kJ/mol
      Atom 652:  -1.764309566097E+00 kJ/mol
      Atom 653:  -6.023622259927E-02 kJ/mol
      Atom 654:  -1.329305774410E+00 kJ/mol
      Atom 655:  -1.382152386236E+00 kJ/mol
      Atom 656:  9.512342707201E-01 kJ/mol
      Atom 657:  1.541730620775E+00 kJ/mol
      Atom 658:  4.374435373837E+01 kJ/mol
      Atom 659:  1.492506575281E+01 kJ/mol
      Atom 660:  -1.250717389429E+01 kJ/mol
      Atom 661:  4.836170240442E+00 kJ/mol
      Atom 662:  1.434589559362E+01 kJ/mol
      Atom 663:  1.724475678835E+01 kJ/mol
      Atom 664:  0.000000000000E+00 kJ/mol
      Atom 665:  3.700559467408E+01 kJ/mol
      Atom 666:  2.118510518200E+00 kJ/mol
      Atom 667:  2.720555968127E+00 kJ/mol
      Atom 668:  7.245070438912E+00 kJ/mol
      Atom 669:  -2.147093751350E+00 kJ/mol
      Atom 670:  -2.039112761752E+00 kJ/mol
      Atom 671:  -5.199814701407E-01 kJ/mol
      Atom 672:  -2.360452268741E+00 kJ/mol
      Atom 673:  3.011840141990E+01 kJ/mol
      Atom 674:  9.842925968616E+01 kJ/mol
      Atom 675:  3.972322766321E+01 kJ/mol
      Atom 676:  5.476045867846E+01 kJ/mol
      Atom 677:  2.651355953393E+01 kJ/mol
      Atom 678:  4.070165842428E+00 kJ/mol
      Atom 679:  -2.337203698679E+00 kJ/mol
      Atom 680:  -2.577359005288E+00 kJ/mol
      Atom 681:  -5.214142541311E+00 kJ/mol
      Atom 682:  -1.731411675354E+00 kJ/mol
      Atom 683:  3.754444997211E+01 kJ/mol
      Atom 684:  -2.771998822161E+00 kJ/mol
      Atom 685:  -6.789155346859E-01 kJ/mol
      Atom 686:  1.624975180354E-02 kJ/mol
      Atom 687:  -1.660223210472E+00 kJ/mol
      Atom 688:  1.737425651071E+00 kJ/mol
      Atom 689:  -2.013665556770E+00 kJ/mol
      Atom 690:  -6.162642449011E+00 kJ/mol
      Atom 691:  3.208324404591E+01 kJ/mol
      Atom 692:  9.195821715948E+00 kJ/mol
      Atom 693:  -1.210397126762E+01 kJ/mol
      Atom 694:  4.292291088232E+00 kJ/mol
      Atom 695:  8.382793951308E+00 kJ/mol
      Atom 696:  1.270317851395E+01 kJ/mol
      Atom 697:  0.000000000000E+00 kJ/mol
      Atom 698:  2.753550082618E+01 kJ/mol
      Atom 699:  -1.545830308080E+00 kJ/mol
      Atom 700:  2.717567083735E+00 kJ/mol
      Atom 701:  5.066960668768E+00 kJ/mol
      Atom 702:  -8.468272478631E-01 kJ/mol
      Atom 703:  -1.402585033651E+00 kJ/mol
      Atom 704:  -4.613898705830E-01 kJ/mol
      Atom 705:  -2.151164381187E+00 kJ/mol
      Atom 706:  2.901652799104E+01 kJ/mol
      Atom 707:  4.901651061761E+01 kJ/mol
      Atom 708:  3.436977255789E+01 kJ/mol
      Atom 709:  4.211418921551E+01 kJ/mol
      Atom 710:  2.755207728774E+01 kJ/mol
      Atom 711:  3.675746073902E+00 kJ/mol
      Atom 712:  -1.135182205151E+00 kJ/mol
      Atom 713:  -2.240747413434E+00 kJ/mol
      Atom 714:  -5.784818392570E+00 kJ/mol
      Atom 715:  -7.869354901361E-01 kJ/mol
      Atom 716:  3.870509651647E+01 kJ/mol
      Atom 717:  -4.922523407391E+00 kJ/mol
      Atom 718:  -3.849238510419E-01 kJ/mol
      Atom 719:  -1.056091493053E+00 kJ/mol
      Atom 720:  1.038338794118E+01 kJ/mol
      Atom 721:  3.448410996979E+01 kJ/mol
      Atom 722:  -2.787290904049E-02 kJ/mol
      Atom 723:  5.844671119902E-02 kJ/mol
      Atom 724:  2.869558009927E+01 kJ/mol
      Atom 725:  -7.030469236815E+00 kJ/mol
      Atom 726:  1.005909012535E+00 kJ/mol
      Atom 727:  3.557374008870E+01 kJ/mol
      Atom 728:  1.175591098257E+01 kJ/mol
      Atom 729:  -3.850170391619E+00 kJ/mol
      Atom 730:  2.330623431051E+01 kJ/mol
      Atom 731:  -5.746399067674E+00 kJ/mol
      Atom 732:  -1.134925330221E+01 kJ/mol
      Atom 733:  6.529454281956E+00 kJ/mol
      Atom 734:  -2.576229700718E+00 kJ/mol
      Atom 735:  -2.276419566985E+00 kJ/mol
      Atom 736:  -4.693758643769E-01 kJ/mol
      Atom 737:  -1.711390220101E+00 kJ/mol
      Atom 738:  1.889112473391E+01 kJ/mol
      Atom 739:  1.181897192792E+02 kJ/mol
      Atom 740:  3.344846727180E+01 kJ/mol
      Atom 741:  4.694934131409E+01 kJ/mol
      Atom 742:  2.759348914787E+01 kJ/mol
      Atom 743:  4.135242007349E+00 kJ/mol
      Atom 744:  -1.833884729664E+00 kJ/mol
      Atom 745:  -2.579179772650E+00 kJ/mol
      Atom 746:  -5.759343611702E+00 kJ/mol
      Atom 747:  -9.948569013396E-01 kJ/mol
      Atom 748:  3.320870364833E+01 kJ/mol
      Atom 749:  -2.560816542729E+00 kJ/mol
      Atom 750:  -6.860932487309E-01 kJ/mol
      Atom 751:  -1.095547035556E+00 kJ/mol
      Atom 752:  6.715586668465E+00 kJ/mol
      Atom 753:  2.305606734957E+01 kJ/mol
      Atom 754:  3.629453155954E+00 kJ/mol
      Atom 755:  2.900260511265E+00 kJ/mol
      Atom 756:  2.880087141742E+01 kJ/mol
      Atom 757:  -5.138219238644E+00 kJ/mol
      Atom 758:  2.261423619673E+00 kJ/mol
      Atom 759:  3.526410697748E+01 kJ/mol
      Atom 760:  6.960520095411E+00 kJ/mol
      Atom 761:  3.116648212100E+00 kJ/mol
      Atom 762:  2.086470186702E+01 kJ/mol
      Atom 763:  -4.821688623039E+00 kJ/mol
      Atom 764:  -3.593735139221E+00 kJ/mol
      Atom 765:  4.114207518831E+00 kJ/mol
      Atom 766:  -1.715735421019E+00 kJ/mol
      Atom 767:  -6.769114262845E-01 kJ/mol
      Atom 768:  -3.994744101746E-01 kJ/mol
      Atom 769:  -2.482063648699E+00 kJ/mol
      Atom 770:  2.044492257711E+01 kJ/mol
      Atom 771:  7.266500660023E+01 kJ/mol
      Atom 772:  3.161247531123E+01 kJ/mol
      Atom 773:  1.801789409087E+01 kJ/mol
      Atom 774:  2.975918506124E+01 kJ/mol
      Atom 775:  2.852109261106E+00 kJ/mol
      Atom 776:  -1.347090121120E+00 kJ/mol
      Atom 777:  -1.355030321050E+00 kJ/mol
      Atom 778:  -4.745503973738E+00 kJ/mol
      Atom 779:  -6.985495580673E-01 kJ/mol
      Atom 780:  2.812722057743E+01 kJ/mol
      Atom 781:  -1.287568112712E+00 kJ/mol
      Atom 782:  -3.528974273339E-03 kJ/mol
      Atom 783:  -1.652053567783E-01 kJ/mol
      Atom 784:  -3.163034195376E+00 kJ/mol
      Atom 785:  -1.132666964716E+00 kJ/mol
      Atom 786:  2.172486312721E+00 kJ/mol
      Atom 787:  1.428868328755E+00 kJ/mol
      Atom 788:  2.742125844130E+01 kJ/mol
      Atom 789:  2.257373482419E+01 kJ/mol
      Atom 790:  -9.376158319626E+00 kJ/mol
      Atom 791:  6.325074113406E+00 kJ/mol
      Atom 792:  6.902677658068E+00 kJ/mol
      Atom 793:  1.041591124297E+01 kJ/mol
      Atom 794:  0.000000000000E+00 kJ/mol
      Atom 795:  2.886128810926E+01 kJ/mol
      Atom 796:  2.016763693368E+00 kJ/mol
      Atom 797:  3.384124557808E+00 kJ/mol
      Atom 798:  3.905795345914E+00 kJ/mol
      Atom 799:  -1.032045280096E+00 kJ/mol
      Atom 800:  -5.446590092948E-01 kJ/mol
      Atom 801:  -4.094930249608E-01 kJ/mol
      Atom 802:  -1.938819825645E+00 kJ/mol
      Atom 803:  1.652632646719E+01 kJ/mol
      Atom 804:  6.285767378852E+01 kJ/mol
      Atom 805:  4.001267604978E+01 kJ/mol
      Atom 806:  2.883274693222E+01 kJ/mol
      Atom 807:  3.859507705286E+01 kJ/mol
      Atom 808:  3.116168146835E+00 kJ/mol
      Atom 809:  -1.448672150851E+00 kJ/mol
      Atom 810:  -1.683970733993E+00 kJ/mol
      Atom 811:  -5.983334902116E+00 kJ/mol
      Atom 812:  -8.197612916386E-01 kJ/mol
      Atom 813:  3.405705601624E+01 kJ/mol
      Atom 814:  -3.486222576974E+00 kJ/mol
      Atom 815:  -7.812506930646E-01 kJ/mol
      Atom 816:  5.782605034767E-05 kJ/mol
      Atom 817:  -9.674066660507E-01 kJ/mol
      Atom 818:  -2.645294095473E+00 kJ/mol
      Atom 819:  2.989367704989E+00 kJ/mol
      Atom 820:  7.838815259507E+00 kJ/mol
      Atom 821:  2.814840005686E+01 kJ/mol
      Atom 822:  1.649681802784E+01 kJ/mol
      Atom 823:  -1.520098224777E+01 kJ/mol
      Atom 824:  7.747172732914E+00 kJ/mol
      Atom 825:  1.590259131257E+01 kJ/mol
      Atom 826:  1.208140999553E+01 kJ/mol
      Atom 827:  0.000000000000E+00 kJ/mol
      Atom 828:  2.816666741463E+01 kJ/mol
      Atom 829:  1.687875466881E+00 kJ/mol
      Atom 830:  3.261242256906E+00 kJ/mol
      Atom 831:  5.194038016002E+00 kJ/mol
      Atom 832:  -1.371805025383E+00 kJ/mol
      Atom 833:  -8.306291149541E-01 kJ/mol
      Atom 834:  -3.606754070535E-01 kJ/mol
      Atom 835:  -2.562524095592E+00 kJ/mol
      Atom 836:  2.147082635207E+01 kJ/mol
      Atom 837:  1.365486777378E+02 kJ/mol
      Atom 838:  2.692152996712E+01 kJ/mol
      Atom 839:  2.625514401675E+01 kJ/mol
      Atom 840:  2.182022836942E+01 kJ/mol
      Atom 841:  2.023240664235E+00 kJ/mol
      Atom 842:  -9.787084410323E-01 kJ/mol
      Atom 843:  -1.332207269840E+00 kJ/mol
      Atom 844:  -3.719564391376E+00 kJ/mol
      Atom 845:  -1.778123895420E-01 kJ/mol
      Atom 846:  2.499713109518E+01 kJ/mol
      Atom 847:  -4.638447103130E+00 kJ/mol
      Atom 848:  -6.745957396439E-01 kJ/mol
      Atom 849:  3.473891022534E+00 kJ/mol
      Atom 850:  3.291259515154E+00 kJ/mol
      Atom 851:  3.247882277406E+00 kJ/mol
      Atom 852:  -1.520547842869E+00 kJ/mol
      Atom 853:  9.872724297963E+00 kJ/mol
      Atom 854:  -4.963679433337E+00 kJ/mol
      Atom 855:  5.313374564313E+00 kJ/mol
      Atom 856:  4.684789208057E+00 kJ/mol
      Atom 857:  4.133780804754E+00 kJ/mol
      Atom 858:  -2.404477787398E+00 kJ/mol
      Atom 859:  2.981869036963E-01 kJ/mol
      Atom 860:  2.617432745719E-01 kJ/mol
      Atom 861:  -2.972883199465E-02 kJ/mol
      Atom 862:  2.411624124387E-01 kJ/mol
      Atom 863:  1.698524878072E+00 kJ/mol
      Atom 864:  5.220368632615E-01 kJ/mol
      Atom 865:  1.357072258503E-02 kJ/mol
      Atom 866:  -1.388291262038E+00 kJ/mol
      Atom 867:  -5.199386386571E-01 kJ/mol
      Atom 868:  2.035175798022E+01 kJ/mol
      Atom 869:  -3.224073511535E+00 kJ/mol
      Atom 870:  -4.956353406808E+00 kJ/mol
      Atom 871:  -1.237214656528E+00 kJ/mol
      Atom 872:  2.219905039335E+01 kJ/mol
      Atom 873:  1.210352091650E+00 kJ/mol
      Atom 874:  9.111687017977E-01 kJ/mol
      Atom 875:  5.169519350416E+00 kJ/mol
      Atom 876:  2.357772186232E+01 kJ/mol
      Atom 877:  5.903682354444E+00 kJ/mol
      Atom 878:  2.326754180021E+00 kJ/mol
      Atom 879:  -1.177112899805E+00 kJ/mol
      Atom 880:  3.642394058071E+01 kJ/mol
      Atom 881:  -1.005162338387E+01 kJ/mol
      Atom 882:  -2.346895333995E+00 kJ/mol
      Atom 883:  5.211878393058E+01 kJ/mol
      Atom 884:  1.756414927442E-02 kJ/mol
      Atom 885:  2.221897952241E-01 kJ/mol
      Atom 886:  1.235592573236E+01 kJ/mol
      Atom 887:  -2.280997505459E+00 kJ/mol
      Atom 888:  -3.831568224356E+00 kJ/mol
      Atom 889:  -2.314718069893E+00 kJ/mol
      Atom 890:  -6.546205786561E-01 kJ/mol
      Atom 891:  3.217016202224E+01 kJ/mol
      Atom 892:  -4.063340308718E+00 kJ/mol
      Atom 893:  -3.882937650724E+00 kJ/mol
      Atom 894:  -3.580311630703E+00 kJ/mol
      Atom 895:  4.575045393238E+01 kJ/mol
      Atom 896:  -2.591910708235E+01 kJ/mol
      Atom 897:  4.531931816177E+00 kJ/mol
      Atom 898:  -3.175547837078E+00 kJ/mol
      Atom 899:  -2.154148990938E+00 kJ/mol
      Atom 900:  6.803811424007E+01 kJ/mol
      Atom 901:  7.607781126556E+00 kJ/mol
      Atom 902:  3.878246611930E+01 kJ/mol
      Atom 903:  1.034629065576E+02 kJ/mol
      Atom 904:  4.024402146749E+01 kJ/mol
      Atom 905:  -3.543145837907E+01 kJ/mol
      Atom 906:  6.985749417488E+01 kJ/mol
      Atom 907:  1.043973623665E+02 kJ/mol
      Atom 908:  7.880773610772E+01 kJ/mol
      Atom 909:  -1.059892048793E+02 kJ/mol
      Atom 910:  1.101047910003E+02 kJ/mol
      Atom 911:  1.167321720785E+02 kJ/mol
      Atom 912:  8.030303440722E+01 kJ/mol
  Calculating forces...
----------------------------------------
CALCULATION #2 (_pid~42ns_com): MULTIGRID
  Setting up problem...
  Vpbe_ctor:  Using max ion radius (1.81 A) for exclusion function
  Debye length:  7.8566 A
  Current memory usage:  644.584 MB total, 1284.681 MB high water
  Grid dimensions: 129 x 161 x 129
  Grid spacings: 0.492 x 0.456 x 0.518
  Grid lengths: 63.011 x 73.018 x 66.360
  Grid center: (-7.599, 40.773, 17.869)
  Multigrid levels: 4
  Molecule ID: 1
  Nonlinear traditional PBE
  Boundary conditions from focusing
  2 ion species (0.150 M ionic strength):
    0.950 A-radius, 1.000 e-charge, 0.150 M concentration
    1.810 A-radius, -1.000 e-charge, 0.150 M concentration
  Solute dielectric: 2.000
  Solvent dielectric: 78.540
  Using "molecular" surface definition;harmonic average smoothing
  Solvent probe radius: 1.400 A
  Temperature:  298.150 K
  Electrostatic energies will be calculated
  Total electrostatic energy = 1.291589823966E+05 kJ/mol
  Fixed charge energy = 99329.2 kJ/mol
  Mobile charge energy = 41.0937 kJ/mol
  Dielectric energy = 69458.4 kJ/mol
  Per-atom energies:
      Atom 0:  2.012862050317E+02 kJ/mol
      Atom 1:  5.783614631696E+01 kJ/mol
      Atom 2:  3.673321062453E-01 kJ/mol
      Atom 3:  3.847641881712E+00 kJ/mol
      Atom 4:  3.828791617940E+00 kJ/mol
      Atom 5:  7.198271871897E+00 kJ/mol
      Atom 6:  3.803567271717E+00 kJ/mol
      Atom 7:  1.628961030562E+02 kJ/mol
      Atom 8:  7.135673756243E+00 kJ/mol
      Atom 9:  4.955522041952E+00 kJ/mol
      Atom 10:  -1.532580307188E+00 kJ/mol
      Atom 11:  4.806363006721E+01 kJ/mol
      Atom 12:  2.127976510606E+02 kJ/mol
      Atom 13:  5.859964375082E+01 kJ/mol
      Atom 14:  1.198743697683E+01 kJ/mol
      Atom 15:  2.655008805329E+02 kJ/mol
      Atom 16:  1.071127527859E+02 kJ/mol
      Atom 17:  1.269981277257E+01 kJ/mol
      Atom 18:  2.739478269778E+02 kJ/mol
      Atom 19:  8.798490824490E+01 kJ/mol
      Atom 20:  7.932485123159E+01 kJ/mol
      Atom 21:  2.481302651268E+02 kJ/mol
      Atom 22:  3.906558752909E+01 kJ/mol
      Atom 23:  3.390991554990E+01 kJ/mol
      Atom 24:  1.743942552941E+01 kJ/mol
      Atom 25:  1.802119186457E+00 kJ/mol
      Atom 26:  1.117345379171E+00 kJ/mol
      Atom 27:  -4.402443003896E-01 kJ/mol
      Atom 28:  3.010599526265E+00 kJ/mol
      Atom 29:  1.615465724432E+02 kJ/mol
      Atom 30:  1.116385740579E+03 kJ/mol
      Atom 31:  2.676734137391E+02 kJ/mol
      Atom 32:  2.540941113847E+02 kJ/mol
      Atom 33:  1.462899579309E+02 kJ/mol
      Atom 34:  5.407317209133E+00 kJ/mol
      Atom 35:  2.322378624048E+00 kJ/mol
      Atom 36:  2.089143150700E+00 kJ/mol
      Atom 37:  6.475640293076E+00 kJ/mol
      Atom 38:  3.749210731632E+00 kJ/mol
      Atom 39:  1.450564920434E+02 kJ/mol
      Atom 40:  1.117111974851E+01 kJ/mol
      Atom 41:  4.214255074343E+00 kJ/mol
      Atom 42:  6.535000273974E+00 kJ/mol
      Atom 43:  1.997443780678E+00 kJ/mol
      Atom 44:  1.497604683740E+01 kJ/mol
      Atom 45:  2.604401065183E+00 kJ/mol
      Atom 46:  2.286431260086E+00 kJ/mol
      Atom 47:  1.040593427852E+02 kJ/mol
      Atom 48:  1.332437976250E+02 kJ/mol
      Atom 49:  2.009285670422E+02 kJ/mol
      Atom 50:  1.837402068921E+02 kJ/mol
      Atom 51:  1.817945909186E+02 kJ/mol
      Atom 52:  3.028691967701E+01 kJ/mol
      Atom 53:  3.352290870725E+01 kJ/mol
      Atom 54:  1.759736048569E+01 kJ/mol
      Atom 55:  2.528029051992E+00 kJ/mol
      Atom 56:  2.206894482216E+00 kJ/mol
      Atom 57:  -4.001322452467E-01 kJ/mol
      Atom 58:  1.983292455952E+00 kJ/mol
      Atom 59:  1.828865451226E+02 kJ/mol
      Atom 60:  1.111943236984E+03 kJ/mol
      Atom 61:  2.740235341515E+02 kJ/mol
      Atom 62:  2.969174447990E+02 kJ/mol
      Atom 63:  1.790894919358E+02 kJ/mol
      Atom 64:  5.411456355616E+00 kJ/mol
      Atom 65:  1.929873043089E+00 kJ/mol
      Atom 66:  1.939610508222E+00 kJ/mol
      Atom 67:  6.055928922189E+00 kJ/mol
      Atom 68:  4.025085453538E+00 kJ/mol
      Atom 69:  1.489971991299E+02 kJ/mol
      Atom 70:  8.501599076030E+00 kJ/mol
      Atom 71:  3.125824423088E+00 kJ/mol
      Atom 72:  5.513034193538E+00 kJ/mol
      Atom 73:  2.194752613264E+00 kJ/mol
      Atom 74:  1.552521299000E+01 kJ/mol
      Atom 75:  3.450670741961E+00 kJ/mol
      Atom 76:  2.129405491874E+00 kJ/mol
      Atom 77:  1.226113816586E+02 kJ/mol
      Atom 78:  1.301842244726E+02 kJ/mol
      Atom 79:  1.884219083575E+02 kJ/mol
      Atom 80:  2.184176393385E+02 kJ/mol
      Atom 81:  2.662713165360E+02 kJ/mol
      Atom 82:  4.058120741213E+01 kJ/mol
      Atom 83:  2.456788485889E+01 kJ/mol
      Atom 84:  2.022409808888E+01 kJ/mol
      Atom 85:  1.392425198650E+00 kJ/mol
      Atom 86:  1.160249089826E+00 kJ/mol
      Atom 87:  -4.795178306950E-01 kJ/mol
      Atom 88:  2.402539949463E+00 kJ/mol
      Atom 89:  1.836318209034E+02 kJ/mol
      Atom 90:  1.002079751027E+03 kJ/mol
      Atom 91:  3.267440265995E+02 kJ/mol
      Atom 92:  3.446999481708E+02 kJ/mol
      Atom 93:  1.809124351742E+02 kJ/mol
      Atom 94:  5.373738856776E+00 kJ/mol
      Atom 95:  2.524133929992E+00 kJ/mol
      Atom 96:  2.857084998330E+00 kJ/mol
      Atom 97:  3.833847948653E+00 kJ/mol
      Atom 98:  3.698098843177E+00 kJ/mol
      Atom 99:  1.547523774116E+02 kJ/mol
      Atom 100:  3.234878999437E+00 kJ/mol
      Atom 101:  2.094846146915E+00 kJ/mol
      Atom 102:  5.215428158132E+01 kJ/mol
      Atom 103:  1.526274533908E+01 kJ/mol
      Atom 104:  1.898298891370E+01 kJ/mol
      Atom 105:  1.048037160641E+02 kJ/mol
      Atom 106:  8.313288850138E+01 kJ/mol
      Atom 107:  6.820472441559E+01 kJ/mol
      Atom 108:  5.961610602554E+01 kJ/mol
      Atom 109:  1.235014890007E+02 kJ/mol
      Atom 110:  9.917109797514E+01 kJ/mol
      Atom 111:  8.194466203739E+00 kJ/mol
      Atom 112:  4.481898212343E+00 kJ/mol
      Atom 113:  1.883940995604E+00 kJ/mol
      Atom 114:  2.291523763841E+00 kJ/mol
      Atom 115:  1.722594749128E+00 kJ/mol
      Atom 116:  1.833739803479E+01 kJ/mol
      Atom 117:  1.395343165529E+00 kJ/mol
      Atom 118:  1.249900873174E+00 kJ/mol
      Atom 119:  -4.670959976207E-01 kJ/mol
      Atom 120:  2.353850811204E+00 kJ/mol
      Atom 121:  1.780129697957E+02 kJ/mol
      Atom 122:  1.255655145382E+03 kJ/mol
      Atom 123:  2.708935405501E+02 kJ/mol
      Atom 124:  2.702626112511E+02 kJ/mol
      Atom 125:  1.766636802380E+02 kJ/mol
      Atom 126:  5.873194673113E+00 kJ/mol
      Atom 127:  2.242974537276E+00 kJ/mol
      Atom 128:  2.626313893762E+00 kJ/mol
      Atom 129:  5.449114127994E+00 kJ/mol
      Atom 130:  3.335458068032E+00 kJ/mol
      Atom 131:  1.473409210693E+02 kJ/mol
      Atom 132:  9.381791925507E+00 kJ/mol
      Atom 133:  5.307256168071E+00 kJ/mol
      Atom 134:  -3.767894414695E-01 kJ/mol
      Atom 135:  2.640359525109E+01 kJ/mol
      Atom 136:  1.437480828864E+02 kJ/mol
      Atom 137:  3.228840347676E+01 kJ/mol
      Atom 138:  4.114314155935E+01 kJ/mol
      Atom 139:  2.391302359200E+02 kJ/mol
      Atom 140:  2.352143670706E+02 kJ/mol
      Atom 141:  1.293451205812E+01 kJ/mol
      Atom 142:  3.293122233186E+01 kJ/mol
      Atom 143:  1.416259119171E+02 kJ/mol
      Atom 144:  1.392124755324E+02 kJ/mol
      Atom 145:  0.000000000000E+00 kJ/mol
      Atom 146:  1.876682959275E+02 kJ/mol
      Atom 147:  2.692377910486E+01 kJ/mol
      Atom 148:  1.612187104041E+01 kJ/mol
      Atom 149:  1.629860810999E+01 kJ/mol
      Atom 150:  2.624246272127E+00 kJ/mol
      Atom 151:  3.489449224649E+00 kJ/mol
      Atom 152:  -3.623381157362E-01 kJ/mol
      Atom 153:  2.559438737844E+00 kJ/mol
      Atom 154:  1.739051513166E+02 kJ/mol
      Atom 155:  1.115726623818E+03 kJ/mol
      Atom 156:  2.576926701602E+02 kJ/mol
      Atom 157:  3.126764441658E+02 kJ/mol
      Atom 158:  1.811774169890E+02 kJ/mol
      Atom 159:  5.157383562098E+00 kJ/mol
      Atom 160:  2.677206435055E+00 kJ/mol
      Atom 161:  2.898078565444E+00 kJ/mol
      Atom 162:  5.941316337369E+00 kJ/mol
      Atom 163:  4.600413799257E+00 kJ/mol
      Atom 164:  1.446586847791E+02 kJ/mol
      Atom 165:  8.666264174062E+00 kJ/mol
      Atom 166:  4.726808653621E+00 kJ/mol
      Atom 167:  -2.897732372880E-01 kJ/mol
      Atom 168:  2.223726640093E+01 kJ/mol
      Atom 169:  2.109675116224E+02 kJ/mol
      Atom 170:  2.607810855364E+01 kJ/mol
      Atom 171:  3.193921155989E+01 kJ/mol
      Atom 172:  3.086834097756E+02 kJ/mol
      Atom 173:  2.474010979072E+02 kJ/mol
      Atom 174:  3.510583242239E+01 kJ/mol
      Atom 175:  2.632286646280E+01 kJ/mol
      Atom 176:  1.774171500853E+02 kJ/mol
      Atom 177:  1.206249392531E+02 kJ/mol
      Atom 178:  0.000000000000E+00 kJ/mol
      Atom 179:  2.160442245330E+02 kJ/mol
      Atom 180:  2.673625310263E+01 kJ/mol
      Atom 181:  1.736134872754E+01 kJ/mol
      Atom 182:  1.935227272111E+01 kJ/mol
      Atom 183:  5.233000153054E-01 kJ/mol
      Atom 184:  1.967296542978E+00 kJ/mol
      Atom 185:  -4.529710741873E-01 kJ/mol
      Atom 186:  1.574255057301E+00 kJ/mol
      Atom 187:  1.600321238497E+02 kJ/mol
      Atom 188:  1.217333082800E+03 kJ/mol
      Atom 189:  3.436984745022E+02 kJ/mol
      Atom 190:  2.738302400798E+02 kJ/mol
      Atom 191:  1.835745592258E+02 kJ/mol
      Atom 192:  6.205203386357E+00 kJ/mol
      Atom 193:  2.474838658984E+00 kJ/mol
      Atom 194:  1.767030831168E+00 kJ/mol
      Atom 195:  4.275131460722E+00 kJ/mol
      Atom 196:  3.747098489876E+00 kJ/mol
      Atom 197:  1.647277270877E+02 kJ/mol
      Atom 198:  6.210703404055E+00 kJ/mol
      Atom 199:  3.161988257078E+00 kJ/mol
      Atom 200:  -1.315707809590E-01 kJ/mol
      Atom 201:  2.259549118248E+01 kJ/mol
      Atom 202:  1.531985256725E+02 kJ/mol
      Atom 203:  3.571418798802E+01 kJ/mol
      Atom 204:  3.807730501843E+01 kJ/mol
      Atom 205:  2.921020069935E+02 kJ/mol
      Atom 206:  2.627847517484E+02 kJ/mol
      Atom 207:  3.214814974463E+01 kJ/mol
      Atom 208:  3.579665638281E+01 kJ/mol
      Atom 209:  1.400741551113E+02 kJ/mol
      Atom 210:  1.616583176767E+02 kJ/mol
      Atom 211:  0.000000000000E+00 kJ/mol
      Atom 212:  1.965607511754E+02 kJ/mol
      Atom 213:  2.469614792130E+01 kJ/mol
      Atom 214:  1.559549209002E+01 kJ/mol
      Atom 215:  1.915764579522E+01 kJ/mol
      Atom 216:  1.944249823110E+00 kJ/mol
      Atom 217:  2.170712383573E+00 kJ/mol
      Atom 218:  -5.129055412318E-01 kJ/mol
      Atom 219:  2.301996581352E+00 kJ/mol
      Atom 220:  1.718608006338E+02 kJ/mol
      Atom 221:  1.133021918881E+03 kJ/mol
      Atom 222:  2.633861855499E+02 kJ/mol
      Atom 223:  2.706252962811E+02 kJ/mol
      Atom 224:  1.512039115647E+02 kJ/mol
      Atom 225:  6.362685259375E+00 kJ/mol
      Atom 226:  2.482506406879E+00 kJ/mol
      Atom 227:  1.390021509511E+00 kJ/mol
      Atom 228:  4.802550801889E+00 kJ/mol
      Atom 229:  4.255110212533E+00 kJ/mol
      Atom 230:  1.518073626206E+02 kJ/mol
      Atom 231:  9.089548435329E+00 kJ/mol
      Atom 232:  4.223483467449E+00 kJ/mol
      Atom 233:  -2.426367955478E-01 kJ/mol
      Atom 234:  2.570511040875E+01 kJ/mol
      Atom 235:  1.683759506684E+02 kJ/mol
      Atom 236:  3.950820594962E+01 kJ/mol
      Atom 237:  3.993910193245E+01 kJ/mol
      Atom 238:  2.482027406379E+02 kJ/mol
      Atom 239:  2.084840492249E+02 kJ/mol
      Atom 240:  2.096579513349E+01 kJ/mol
      Atom 241:  3.124952700745E+01 kJ/mol
      Atom 242:  1.293488277110E+02 kJ/mol
      Atom 243:  1.469377396097E+02 kJ/mol
      Atom 244:  0.000000000000E+00 kJ/mol
      Atom 245:  2.008209412486E+02 kJ/mol
      Atom 246:  3.003220511937E+01 kJ/mol
      Atom 247:  1.610690362941E+01 kJ/mol
      Atom 248:  1.880859960760E+01 kJ/mol
      Atom 249:  1.298497753890E+00 kJ/mol
      Atom 250:  2.765566618588E+00 kJ/mol
      Atom 251:  -4.772264199156E-01 kJ/mol
      Atom 252:  2.102415177570E+00 kJ/mol
      Atom 253:  1.385129390765E+02 kJ/mol
      Atom 254:  1.123216893002E+03 kJ/mol
      Atom 255:  2.842704735367E+02 kJ/mol
      Atom 256:  2.758152541997E+02 kJ/mol
      Atom 257:  1.475229164262E+02 kJ/mol
      Atom 258:  5.281979090862E+00 kJ/mol
      Atom 259:  2.610587591545E+00 kJ/mol
      Atom 260:  1.459922124208E+00 kJ/mol
      Atom 261:  5.874152894782E+00 kJ/mol
      Atom 262:  3.575300642959E+00 kJ/mol
      Atom 263:  1.706981520332E+02 kJ/mol
      Atom 264:  5.928785521282E+00 kJ/mol
      Atom 265:  4.537680595051E+00 kJ/mol
      Atom 266:  -2.039721586965E-01 kJ/mol
      Atom 267:  2.909614053169E+01 kJ/mol
      Atom 268:  1.476879793609E+02 kJ/mol
      Atom 269:  2.916076400186E+01 kJ/mol
      Atom 270:  3.480431276524E+01 kJ/mol
      Atom 271:  2.774764468029E+02 kJ/mol
      Atom 272:  2.369253147942E+02 kJ/mol
      Atom 273:  3.084463127759E+01 kJ/mol
      Atom 274:  2.526973462148E+01 kJ/mol
      Atom 275:  1.320538199276E+02 kJ/mol
      Atom 276:  1.301415186520E+02 kJ/mol
      Atom 277:  0.000000000000E+00 kJ/mol
      Atom 278:  2.299409985406E+02 kJ/mol
      Atom 279:  2.880412147995E+01 kJ/mol
      Atom 280:  1.859366116944E+01 kJ/mol
      Atom 281:  1.998870090442E+01 kJ/mol
      Atom 282:  -2.156770030567E-01 kJ/mol
      Atom 283:  1.007550015856E+00 kJ/mol
      Atom 284:  -5.537316561330E-01 kJ/mol
      Atom 285:  1.335302705149E+00 kJ/mol
      Atom 286:  1.755708528286E+02 kJ/mol
      Atom 287:  1.012829098454E+03 kJ/mol
      Atom 288:  3.053740176138E+02 kJ/mol
      Atom 289:  3.549246482708E+02 kJ/mol
      Atom 290:  1.822404788654E+02 kJ/mol
      Atom 291:  6.438754729660E+00 kJ/mol
      Atom 292:  1.095087914465E+00 kJ/mol
      Atom 293:  1.522701595058E+00 kJ/mol
      Atom 294:  3.448174733984E+00 kJ/mol
      Atom 295:  3.662770169605E+00 kJ/mol
      Atom 296:  1.548524493287E+02 kJ/mol
      Atom 297:  7.678511953097E+00 kJ/mol
      Atom 298:  3.185006055155E+00 kJ/mol
      Atom 299:  7.497990217373E-02 kJ/mol
      Atom 300:  3.602608592889E+01 kJ/mol
      Atom 301:  2.896422777359E+02 kJ/mol
      Atom 302:  4.219685595070E+01 kJ/mol
      Atom 303:  6.960051977738E+00 kJ/mol
      Atom 304:  2.776127087232E+02 kJ/mol
      Atom 305:  9.606088326879E+01 kJ/mol
      Atom 306:  1.173929610494E+01 kJ/mol
      Atom 307:  3.321557300006E+02 kJ/mol
      Atom 308:  7.596239124665E+01 kJ/mol
      Atom 309:  6.832197275882E+01 kJ/mol
      Atom 310:  2.499683784556E+02 kJ/mol
      Atom 311:  2.897399309609E+01 kJ/mol
      Atom 312:  4.010316501582E+00 kJ/mol
      Atom 313:  2.407090271112E+01 kJ/mol
      Atom 314:  1.150533825329E-01 kJ/mol
      Atom 315:  -9.438101496742E-01 kJ/mol
      Atom 316:  -5.056368904624E-01 kJ/mol
      Atom 317:  2.219894103602E+00 kJ/mol
      Atom 318:  1.628256726199E+02 kJ/mol
      Atom 319:  1.171452761888E+03 kJ/mol
      Atom 320:  2.825335371741E+02 kJ/mol
      Atom 321:  3.027957531091E+02 kJ/mol
      Atom 322:  1.905002194493E+02 kJ/mol
      Atom 323:  5.867558676284E+00 kJ/mol
      Atom 324:  2.097854041579E+00 kJ/mol
      Atom 325:  2.749918741954E+00 kJ/mol
      Atom 326:  4.107483218560E+00 kJ/mol
      Atom 327:  3.399013784007E+00 kJ/mol
      Atom 328:  1.408535940622E+02 kJ/mol
      Atom 329:  7.840414885981E+00 kJ/mol
      Atom 330:  3.482598392813E+00 kJ/mol
      Atom 331:  -2.480942898734E-01 kJ/mol
      Atom 332:  2.839577281772E+01 kJ/mol
      Atom 333:  2.276377414598E+02 kJ/mol
      Atom 334:  3.503818920231E+01 kJ/mol
      Atom 335:  3.554433315735E+01 kJ/mol
      Atom 336:  2.517113096657E+02 kJ/mol
      Atom 337:  2.613681687339E+02 kJ/mol
      Atom 338:  3.005218377849E+01 kJ/mol
      Atom 339:  2.561944219768E+01 kJ/mol
      Atom 340:  1.304882339446E+02 kJ/mol
      Atom 341:  1.204304301423E+02 kJ/mol
      Atom 342:  0.000000000000E+00 kJ/mol
      Atom 343:  2.036625242030E+02 kJ/mol
      Atom 344:  3.166338396430E+01 kJ/mol
      Atom 345:  1.710245793053E+01 kJ/mol
      Atom 346:  1.674198630184E+01 kJ/mol
      Atom 347:  2.092726714726E+00 kJ/mol
      Atom 348:  2.391717479334E+00 kJ/mol
      Atom 349:  -3.872001942537E-01 kJ/mol
      Atom 350:  2.130063919671E+00 kJ/mol
      Atom 351:  1.579694641536E+02 kJ/mol
      Atom 352:  1.021528253773E+03 kJ/mol
      Atom 353:  2.524430170131E+02 kJ/mol
      Atom 354:  2.912109391411E+02 kJ/mol
      Atom 355:  1.644421697713E+02 kJ/mol
      Atom 356:  5.833587738860E+00 kJ/mol
      Atom 357:  1.620556872201E+00 kJ/mol
      Atom 358:  1.633488486220E+00 kJ/mol
      Atom 359:  5.774031277182E+00 kJ/mol
      Atom 360:  4.023884925742E+00 kJ/mol
      Atom 361:  1.497762005351E+02 kJ/mol
      Atom 362:  4.700980090877E+00 kJ/mol
      Atom 363:  3.720557975426E+00 kJ/mol
      Atom 364:  6.035429083354E+01 kJ/mol
      Atom 365:  1.471909489545E+01 kJ/mol
      Atom 366:  1.823429201331E+01 kJ/mol
      Atom 367:  8.888732229422E+01 kJ/mol
      Atom 368:  8.300467015931E+01 kJ/mol
      Atom 369:  7.167820130123E+01 kJ/mol
      Atom 370:  4.719620344853E+01 kJ/mol
      Atom 371:  1.010456684502E+02 kJ/mol
      Atom 372:  1.048296167192E+02 kJ/mol
      Atom 373:  8.651659607990E+00 kJ/mol
      Atom 374:  5.207758801306E+00 kJ/mol
      Atom 375:  1.760897208014E+00 kJ/mol
      Atom 376:  1.619163648198E+00 kJ/mol
      Atom 377:  1.677673408293E+00 kJ/mol
      Atom 378:  1.862734562728E+01 kJ/mol
      Atom 379:  1.794254436908E+00 kJ/mol
      Atom 380:  1.050675260077E+00 kJ/mol
      Atom 381:  -3.781022566411E-01 kJ/mol
      Atom 382:  1.888065127877E+00 kJ/mol
      Atom 383:  1.546701427634E+02 kJ/mol
      Atom 384:  1.032034538406E+03 kJ/mol
      Atom 385:  2.723366096334E+02 kJ/mol
      Atom 386:  3.033614490781E+02 kJ/mol
      Atom 387:  1.836193528040E+02 kJ/mol
      Atom 388:  5.184426578621E+00 kJ/mol
      Atom 389:  2.024688814361E+00 kJ/mol
      Atom 390:  2.209209942420E+00 kJ/mol
      Atom 391:  6.694632377520E+00 kJ/mol
      Atom 392:  4.262562269873E+00 kJ/mol
      Atom 393:  1.556018310974E+02 kJ/mol
      Atom 394:  7.435893074257E+00 kJ/mol
      Atom 395:  4.477458832537E+00 kJ/mol
      Atom 396:  -1.689888213662E+00 kJ/mol
      Atom 397:  5.812263980754E+01 kJ/mol
      Atom 398:  2.883816643831E+02 kJ/mol
      Atom 399:  5.704091925928E+01 kJ/mol
      Atom 400:  1.283327703140E+01 kJ/mol
      Atom 401:  2.879377829492E+02 kJ/mol
      Atom 402:  9.844757704428E+01 kJ/mol
      Atom 403:  1.369210262586E+01 kJ/mol
      Atom 404:  2.905752365700E+02 kJ/mol
      Atom 405:  1.050109553538E+02 kJ/mol
      Atom 406:  1.040463656400E+02 kJ/mol
      Atom 407:  2.291404463093E+02 kJ/mol
      Atom 408:  4.230221158611E+01 kJ/mol
      Atom 409:  4.839352578836E+01 kJ/mol
      Atom 410:  1.813743314236E+01 kJ/mol
      Atom 411:  2.220810832393E+00 kJ/mol
      Atom 412:  2.215824323681E+00 kJ/mol
      Atom 413:  -4.722247644633E-01 kJ/mol
      Atom 414:  1.169037032810E+00 kJ/mol
      Atom 415:  1.360084141199E+02 kJ/mol
      Atom 416:  1.071740332149E+03 kJ/mol
      Atom 417:  3.707787952304E+02 kJ/mol
      Atom 418:  2.785573888340E+02 kJ/mol
      Atom 419:  1.601672234173E+02 kJ/mol
      Atom 420:  6.427523908855E+00 kJ/mol
      Atom 421:  1.648724886440E+00 kJ/mol
      Atom 422:  2.286111747390E+00 kJ/mol
      Atom 423:  6.386203240075E+00 kJ/mol
      Atom 424:  3.707765032886E+00 kJ/mol
      Atom 425:  1.630035385966E+02 kJ/mol
      Atom 426:  3.894205945608E+00 kJ/mol
      Atom 427:  2.709816502487E+00 kJ/mol
      Atom 428:  5.526121315454E+01 kJ/mol
      Atom 429:  1.647294989138E+01 kJ/mol
      Atom 430:  1.846286301471E+01 kJ/mol
      Atom 431:  1.040783588945E+02 kJ/mol
      Atom 432:  9.640106941577E+01 kJ/mol
      Atom 433:  7.806605747393E+01 kJ/mol
      Atom 434:  4.899454698993E+01 kJ/mol
      Atom 435:  1.231098247967E+02 kJ/mol
      Atom 436:  8.931138469738E+01 kJ/mol
      Atom 437:  6.795183821891E+00 kJ/mol
      Atom 438:  5.214461665687E+00 kJ/mol
      Atom 439:  1.858314528511E+00 kJ/mol
      Atom 440:  1.510058847917E+00 kJ/mol
      Atom 441:  1.765665536154E+00 kJ/mol
      Atom 442:  1.865728393172E+01 kJ/mol
      Atom 443:  2.381641228552E+00 kJ/mol
      Atom 444:  2.195153321436E+00 kJ/mol
      Atom 445:  -4.437610337338E-01 kJ/mol
      Atom 446:  2.513297916535E+00 kJ/mol
      Atom 447:  1.659484824199E+02 kJ/mol
      Atom 448:  1.163024982697E+03 kJ/mol
      Atom 449:  3.528734938377E+02 kJ/mol
      Atom 450:  3.112874312742E+02 kJ/mol
      Atom 451:  1.654890957401E+02 kJ/mol
      Atom 452:  5.711233695174E+00 kJ/mol
      Atom 453:  1.997626228825E+00 kJ/mol
      Atom 454:  1.420316363216E+00 kJ/mol
      Atom 455:  6.225139774474E+00 kJ/mol
      Atom 456:  3.333833160850E+00 kJ/mol
      Atom 457:  1.522759954008E+02 kJ/mol
      Atom 458:  4.155815024044E+00 kJ/mol
      Atom 459:  2.547005882084E+00 kJ/mol
      Atom 460:  5.087587032342E+01 kJ/mol
      Atom 461:  1.645575926023E+01 kJ/mol
      Atom 462:  1.900067912402E+01 kJ/mol
      Atom 463:  9.969783718985E+01 kJ/mol
      Atom 464:  8.391571817304E+01 kJ/mol
      Atom 465:  7.342364626127E+01 kJ/mol
      Atom 466:  6.842399034421E+01 kJ/mol
      Atom 467:  9.768654200041E+01 kJ/mol
      Atom 468:  1.089634336749E+02 kJ/mol
      Atom 469:  8.360923028512E+00 kJ/mol
      Atom 470:  5.747722631702E+00 kJ/mol
      Atom 471:  2.008786464237E+00 kJ/mol
      Atom 472:  1.478148016682E+00 kJ/mol
      Atom 473:  1.656846192929E+00 kJ/mol
      Atom 474:  2.031001117146E+01 kJ/mol
      Atom 475:  4.301465105163E-01 kJ/mol
      Atom 476:  1.689216568644E+00 kJ/mol
      Atom 477:  -4.742789938304E-01 kJ/mol
      Atom 478:  1.573501341000E+00 kJ/mol
      Atom 479:  2.007492137419E+02 kJ/mol
      Atom 480:  1.195360682226E+03 kJ/mol
      Atom 481:  2.699580674919E+02 kJ/mol
      Atom 482:  2.782454133876E+02 kJ/mol
      Atom 483:  1.611480555091E+02 kJ/mol
      Atom 484:  5.355543632231E+00 kJ/mol
      Atom 485:  2.509852604779E+00 kJ/mol
      Atom 486:  2.459261783397E+00 kJ/mol
      Atom 487:  7.457412342970E+00 kJ/mol
      Atom 488:  3.343826332744E+00 kJ/mol
      Atom 489:  1.495374561844E+02 kJ/mol
      Atom 490:  5.267805123931E+00 kJ/mol
      Atom 491:  3.267877942804E+00 kJ/mol
      Atom 492:  -2.241712493830E-02 kJ/mol
      Atom 493:  2.876221296473E+01 kJ/mol
      Atom 494:  1.659444029613E+02 kJ/mol
      Atom 495:  2.819934606495E+01 kJ/mol
      Atom 496:  3.147259540704E+01 kJ/mol
      Atom 497:  2.451912946398E+02 kJ/mol
      Atom 498:  2.215556727025E+02 kJ/mol
      Atom 499:  1.910185464034E+01 kJ/mol
      Atom 500:  3.049042135234E+01 kJ/mol
      Atom 501:  1.530198176859E+02 kJ/mol
      Atom 502:  1.179404976229E+02 kJ/mol
      Atom 503:  0.000000000000E+00 kJ/mol
      Atom 504:  2.024114773684E+02 kJ/mol
      Atom 505:  1.936646545218E+01 kJ/mol
      Atom 506:  1.467868093170E+01 kJ/mol
      Atom 507:  1.591131958122E+01 kJ/mol
      Atom 508:  1.538366525003E+00 kJ/mol
      Atom 509:  1.527449406692E+00 kJ/mol
      Atom 510:  -4.444686491791E-01 kJ/mol
      Atom 511:  2.311726047688E+00 kJ/mol
      Atom 512:  1.635935731913E+02 kJ/mol
      Atom 513:  1.091288879774E+03 kJ/mol
      Atom 514:  2.439675156719E+02 kJ/mol
      Atom 515:  2.968999317734E+02 kJ/mol
      Atom 516:  1.717786249148E+02 kJ/mol
      Atom 517:  5.679403690581E+00 kJ/mol
      Atom 518:  2.217865286565E+00 kJ/mol
      Atom 519:  2.432777010277E+00 kJ/mol
      Atom 520:  5.330982717360E+00 kJ/mol
      Atom 521:  4.274472839195E+00 kJ/mol
      Atom 522:  1.463158713042E+02 kJ/mol
      Atom 523:  8.163939729813E+00 kJ/mol
      Atom 524:  3.813130137346E+00 kJ/mol
      Atom 525:  7.787984371965E+00 kJ/mol
      Atom 526:  1.505652647949E+00 kJ/mol
      Atom 527:  1.488285591952E+01 kJ/mol
      Atom 528:  4.076094010246E+00 kJ/mol
      Atom 529:  1.895281394114E+00 kJ/mol
      Atom 530:  9.101448798930E+01 kJ/mol
      Atom 531:  1.159254527491E+02 kJ/mol
      Atom 532:  2.544218027185E+02 kJ/mol
      Atom 533:  1.472382992322E+02 kJ/mol
      Atom 534:  2.337497014113E+02 kJ/mol
      Atom 535:  2.345824740692E+01 kJ/mol
      Atom 536:  2.139166001405E+01 kJ/mol
      Atom 537:  1.881707030387E+01 kJ/mol
      Atom 538:  2.184749041931E+00 kJ/mol
      Atom 539:  5.527603907607E-01 kJ/mol
      Atom 540:  -3.914418077341E-01 kJ/mol
      Atom 541:  1.889561711472E+00 kJ/mol
      Atom 542:  1.851264316577E+02 kJ/mol
      Atom 543:  1.025505810513E+03 kJ/mol
      Atom 544:  3.206696296490E+02 kJ/mol
      Atom 545:  2.856318721238E+02 kJ/mol
      Atom 546:  2.144203875606E+02 kJ/mol
      Atom 547:  6.430601923816E+00 kJ/mol
      Atom 548:  1.970017389112E+00 kJ/mol
      Atom 549:  1.238980947906E+00 kJ/mol
      Atom 550:  5.200774095721E+00 kJ/mol
      Atom 551:  3.402882814175E+00 kJ/mol
      Atom 552:  1.617285893352E+02 kJ/mol
      Atom 553:  7.039412445777E+00 kJ/mol
      Atom 554:  4.015031625606E+00 kJ/mol
      Atom 555:  1.398758013699E-01 kJ/mol
      Atom 556:  1.963995540095E+01 kJ/mol
      Atom 557:  1.768591671025E+02 kJ/mol
      Atom 558:  2.707538671102E+01 kJ/mol
      Atom 559:  3.239881963850E+01 kJ/mol
      Atom 560:  3.090554684826E+02 kJ/mol
      Atom 561:  2.027602846331E+02 kJ/mol
      Atom 562:  3.726677567072E+01 kJ/mol
      Atom 563:  2.087369472625E+01 kJ/mol
      Atom 564:  8.834288275823E+01 kJ/mol
      Atom 565:  1.553994640943E+02 kJ/mol
      Atom 566:  0.000000000000E+00 kJ/mol
      Atom 567:  2.065448432938E+02 kJ/mol
      Atom 568:  1.977678014645E+01 kJ/mol
      Atom 569:  1.412948622933E+01 kJ/mol
      Atom 570:  2.145208391984E+01 kJ/mol
      Atom 571:  3.337813087331E-01 kJ/mol
      Atom 572:  1.365966245004E+00 kJ/mol
      Atom 573:  -5.406815780312E-01 kJ/mol
      Atom 574:  1.156480266518E+00 kJ/mol
      Atom 575:  1.712832795605E+02 kJ/mol
      Atom 576:  9.884736982088E+02 kJ/mol
      Atom 577:  2.734244058052E+02 kJ/mol
      Atom 578:  3.209594234336E+02 kJ/mol
      Atom 579:  1.643168640457E+02 kJ/mol
      Atom 580:  6.294382155720E+00 kJ/mol
      Atom 581:  2.439694410757E+00 kJ/mol
      Atom 582:  1.881920862914E+00 kJ/mol
      Atom 583:  4.420771927947E+00 kJ/mol
      Atom 584:  3.995847862518E+00 kJ/mol
      Atom 585:  1.566262320851E+02 kJ/mol
      Atom 586:  7.344797278748E+00 kJ/mol
      Atom 587:  3.629649168521E+00 kJ/mol
      Atom 588:  -2.592082256254E-01 kJ/mol
      Atom 589:  2.846944866520E+01 kJ/mol
      Atom 590:  1.527803845605E+02 kJ/mol
      Atom 591:  2.696672450676E+01 kJ/mol
      Atom 592:  2.816301709309E+01 kJ/mol
      Atom 593:  2.361926110467E+02 kJ/mol
      Atom 594:  2.330590898754E+02 kJ/mol
      Atom 595:  3.249962966877E+01 kJ/mol
      Atom 596:  3.090861943262E+01 kJ/mol
      Atom 597:  1.505535810589E+02 kJ/mol
      Atom 598:  1.235706399356E+02 kJ/mol
      Atom 599:  0.000000000000E+00 kJ/mol
      Atom 600:  2.200849576635E+02 kJ/mol
      Atom 601:  2.609470176816E+01 kJ/mol
      Atom 602:  1.803486678540E+01 kJ/mol
      Atom 603:  1.938839852627E+01 kJ/mol
      Atom 604:  1.264139203788E+00 kJ/mol
      Atom 605:  1.222856533849E+00 kJ/mol
      Atom 606:  -4.623674830829E-01 kJ/mol
      Atom 607:  2.658521076458E+00 kJ/mol
      Atom 608:  1.454549514105E+02 kJ/mol
      Atom 609:  9.931507171768E+02 kJ/mol
      Atom 610:  2.560840441587E+02 kJ/mol
      Atom 611:  3.037394905211E+02 kJ/mol
      Atom 612:  1.469264786998E+02 kJ/mol
      Atom 613:  5.241774228183E+00 kJ/mol
      Atom 614:  2.467230507542E+00 kJ/mol
      Atom 615:  1.665623605021E+00 kJ/mol
      Atom 616:  5.379892702401E+00 kJ/mol
      Atom 617:  4.637752817156E+00 kJ/mol
      Atom 618:  1.725347805935E+02 kJ/mol
      Atom 619:  7.408924027361E+00 kJ/mol
      Atom 620:  3.468721181086E+00 kJ/mol
      Atom 621:  -9.544328526515E-01 kJ/mol
      Atom 622:  4.701147110329E+01 kJ/mol
      Atom 623:  3.053344752090E+02 kJ/mol
      Atom 624:  4.735716032387E+01 kJ/mol
      Atom 625:  1.204991679480E+01 kJ/mol
      Atom 626:  3.123420454576E+02 kJ/mol
      Atom 627:  8.931705716088E+01 kJ/mol
      Atom 628:  1.149187767422E+01 kJ/mol
      Atom 629:  2.849141867338E+02 kJ/mol
      Atom 630:  9.986743198837E+01 kJ/mol
      Atom 631:  7.852814789990E+01 kJ/mol
      Atom 632:  2.422332047439E+02 kJ/mol
      Atom 633:  4.456312694209E+01 kJ/mol
      Atom 634:  3.619122096199E+01 kJ/mol
      Atom 635:  1.793627543463E+01 kJ/mol
      Atom 636:  2.049479794908E+00 kJ/mol
      Atom 637:  1.946927660910E+00 kJ/mol
      Atom 638:  -4.438745450145E-01 kJ/mol
      Atom 639:  1.968382351961E+00 kJ/mol
      Atom 640:  1.373206666785E+02 kJ/mol
      Atom 641:  9.840678684305E+02 kJ/mol
      Atom 642:  3.296320971659E+02 kJ/mol
      Atom 643:  3.184715177368E+02 kJ/mol
      Atom 644:  1.772221146955E+02 kJ/mol
      Atom 645:  5.847351038561E+00 kJ/mol
      Atom 646:  2.234763281439E+00 kJ/mol
      Atom 647:  2.445811955368E+00 kJ/mol
      Atom 648:  4.783628568370E+00 kJ/mol
      Atom 649:  4.072621191507E+00 kJ/mol
      Atom 650:  1.292619544499E+02 kJ/mol
      Atom 651:  8.606080325096E+00 kJ/mol
      Atom 652:  3.367705386770E+00 kJ/mol
      Atom 653:  -2.494009325516E-01 kJ/mol
      Atom 654:  2.356574130627E+01 kJ/mol
      Atom 655:  1.720440229837E+02 kJ/mol
      Atom 656:  2.756737541527E+01 kJ/mol
      Atom 657:  4.029965945356E+01 kJ/mol
      Atom 658:  2.532793430246E+02 kJ/mol
      Atom 659:  2.492802786716E+02 kJ/mol
      Atom 660:  1.765258548840E+01 kJ/mol
      Atom 661:  3.323072048065E+01 kJ/mol
      Atom 662:  1.207042293140E+02 kJ/mol
      Atom 663:  1.268861573789E+02 kJ/mol
      Atom 664:  0.000000000000E+00 kJ/mol
      Atom 665:  1.933558276712E+02 kJ/mol
      Atom 666:  2.654069881057E+01 kJ/mol
      Atom 667:  1.723981276002E+01 kJ/mol
      Atom 668:  1.710732686692E+01 kJ/mol
      Atom 669:  1.266311026094E+00 kJ/mol
      Atom 670:  1.468307266105E+00 kJ/mol
      Atom 671:  -5.557810911416E-01 kJ/mol
      Atom 672:  1.465155871215E+00 kJ/mol
      Atom 673:  1.591516762800E+02 kJ/mol
      Atom 674:  9.371116344218E+02 kJ/mol
      Atom 675:  3.347537043500E+02 kJ/mol
      Atom 676:  2.743712349390E+02 kJ/mol
      Atom 677:  2.094137425304E+02 kJ/mol
      Atom 678:  6.593092886420E+00 kJ/mol
      Atom 679:  8.965299183809E-01 kJ/mol
      Atom 680:  1.508236430106E+00 kJ/mol
      Atom 681:  4.225208648952E+00 kJ/mol
      Atom 682:  3.138147302569E+00 kJ/mol
      Atom 683:  1.566718807031E+02 kJ/mol
      Atom 684:  7.566953718746E+00 kJ/mol
      Atom 685:  3.507774154428E+00 kJ/mol
      Atom 686:  -2.481458050806E-01 kJ/mol
      Atom 687:  2.516300293964E+01 kJ/mol
      Atom 688:  1.769717326347E+02 kJ/mol
      Atom 689:  2.204979525745E+01 kJ/mol
      Atom 690:  3.327476758234E+01 kJ/mol
      Atom 691:  2.713902666228E+02 kJ/mol
      Atom 692:  2.720382813485E+02 kJ/mol
      Atom 693:  2.128485185225E+01 kJ/mol
      Atom 694:  3.187928287693E+01 kJ/mol
      Atom 695:  1.482075294578E+02 kJ/mol
      Atom 696:  1.328222105664E+02 kJ/mol
      Atom 697:  0.000000000000E+00 kJ/mol
      Atom 698:  2.183685411905E+02 kJ/mol
      Atom 699:  2.743566212869E+01 kJ/mol
      Atom 700:  1.514283291306E+01 kJ/mol
      Atom 701:  1.775892833797E+01 kJ/mol
      Atom 702:  2.733174805046E+00 kJ/mol
      Atom 703:  1.656613286672E+00 kJ/mol
      Atom 704:  -5.107838386346E-01 kJ/mol
      Atom 705:  1.614663792470E+00 kJ/mol
      Atom 706:  1.686222244176E+02 kJ/mol
      Atom 707:  1.095117710115E+03 kJ/mol
      Atom 708:  3.342624356531E+02 kJ/mol
      Atom 709:  2.829436769032E+02 kJ/mol
      Atom 710:  1.843184470238E+02 kJ/mol
      Atom 711:  6.619382827589E+00 kJ/mol
      Atom 712:  2.150430002403E+00 kJ/mol
      Atom 713:  2.080657665610E+00 kJ/mol
      Atom 714:  4.119938744759E+00 kJ/mol
      Atom 715:  4.220283544035E+00 kJ/mol
      Atom 716:  1.456785395230E+02 kJ/mol
      Atom 717:  6.792061904136E+00 kJ/mol
      Atom 718:  4.500259812670E+00 kJ/mol
      Atom 719:  -1.476149610278E+00 kJ/mol
      Atom 720:  4.632273490730E+01 kJ/mol
      Atom 721:  2.625501410384E+02 kJ/mol
      Atom 722:  5.456995504172E+01 kJ/mol
      Atom 723:  8.345520384092E+00 kJ/mol
      Atom 724:  2.947123390019E+02 kJ/mol
      Atom 725:  8.170633573074E+01 kJ/mol
      Atom 726:  1.192625608513E+01 kJ/mol
      Atom 727:  2.844867961712E+02 kJ/mol
      Atom 728:  8.767353228109E+01 kJ/mol
      Atom 729:  8.079434082327E+01 kJ/mol
      Atom 730:  2.390938153512E+02 kJ/mol
      Atom 731:  3.992629838950E+01 kJ/mol
      Atom 732:  4.123609250727E+01 kJ/mol
      Atom 733:  2.148046286772E+01 kJ/mol
      Atom 734:  6.255005629058E-01 kJ/mol
      Atom 735:  3.694886747720E-01 kJ/mol
      Atom 736:  -4.421663096076E-01 kJ/mol
      Atom 737:  1.582566394544E+00 kJ/mol
      Atom 738:  1.528315730938E+02 kJ/mol
      Atom 739:  1.061926699167E+03 kJ/mol
      Atom 740:  2.640308239039E+02 kJ/mol
      Atom 741:  2.610450922019E+02 kJ/mol
      Atom 742:  1.754978630003E+02 kJ/mol
      Atom 743:  6.657028748257E+00 kJ/mol
      Atom 744:  8.557515285603E-01 kJ/mol
      Atom 745:  8.542336477655E-01 kJ/mol
      Atom 746:  4.755387505205E+00 kJ/mol
      Atom 747:  3.169555646960E+00 kJ/mol
      Atom 748:  1.573041279213E+02 kJ/mol
      Atom 749:  8.483515891558E+00 kJ/mol
      Atom 750:  4.956328933462E+00 kJ/mol
      Atom 751:  -1.380554224227E+00 kJ/mol
      Atom 752:  4.862089189852E+01 kJ/mol
      Atom 753:  2.198669286229E+02 kJ/mol
      Atom 754:  5.445782766079E+01 kJ/mol
      Atom 755:  1.177834812318E+01 kJ/mol
      Atom 756:  2.825717325323E+02 kJ/mol
      Atom 757:  9.630895211485E+01 kJ/mol
      Atom 758:  1.393692491994E+01 kJ/mol
      Atom 759:  2.806875501500E+02 kJ/mol
      Atom 760:  9.080956501582E+01 kJ/mol
      Atom 761:  9.322214234183E+01 kJ/mol
      Atom 762:  2.409766978974E+02 kJ/mol
      Atom 763:  3.885599438648E+01 kJ/mol
      Atom 764:  5.052469470332E+01 kJ/mol
      Atom 765:  1.665691122914E+01 kJ/mol
      Atom 766:  9.012153423283E-01 kJ/mol
      Atom 767:  2.123908592953E+00 kJ/mol
      Atom 768:  -5.183486346488E-01 kJ/mol
      Atom 769:  2.092929169028E+00 kJ/mol
      Atom 770:  1.621757882441E+02 kJ/mol
      Atom 771:  1.032191277551E+03 kJ/mol
      Atom 772:  2.865024139782E+02 kJ/mol
      Atom 773:  2.918355776032E+02 kJ/mol
      Atom 774:  1.475573344890E+02 kJ/mol
      Atom 775:  6.026165034465E+00 kJ/mol
      Atom 776:  1.955691471229E+00 kJ/mol
      Atom 777:  2.158448616256E+00 kJ/mol
      Atom 778:  7.171517178672E+00 kJ/mol
      Atom 779:  4.541446023985E+00 kJ/mol
      Atom 780:  1.410777602603E+02 kJ/mol
      Atom 781:  8.539671809503E+00 kJ/mol
      Atom 782:  4.282039836375E+00 kJ/mol
      Atom 783:  -3.378662405029E-01 kJ/mol
      Atom 784:  2.101365126807E+01 kJ/mol
      Atom 785:  1.485644920844E+02 kJ/mol
      Atom 786:  2.585246042574E+01 kJ/mol
      Atom 787:  3.849403792879E+01 kJ/mol
      Atom 788:  3.339214657980E+02 kJ/mol
      Atom 789:  3.031987435971E+02 kJ/mol
      Atom 790:  1.496048467897E+01 kJ/mol
      Atom 791:  2.973602307082E+01 kJ/mol
      Atom 792:  1.281545064889E+02 kJ/mol
      Atom 793:  1.025723720439E+02 kJ/mol
      Atom 794:  0.000000000000E+00 kJ/mol
      Atom 795:  2.139694218759E+02 kJ/mol
      Atom 796:  3.583478192536E+01 kJ/mol
      Atom 797:  1.794886347817E+01 kJ/mol
      Atom 798:  1.904060348621E+01 kJ/mol
      Atom 799:  2.057158098395E+00 kJ/mol
      Atom 800:  2.956118044962E+00 kJ/mol
      Atom 801:  -4.161348264417E-01 kJ/mol
      Atom 802:  1.791181258620E+00 kJ/mol
      Atom 803:  1.660495332050E+02 kJ/mol
      Atom 804:  1.019586840681E+03 kJ/mol
      Atom 805:  2.732749033740E+02 kJ/mol
      Atom 806:  3.430550103106E+02 kJ/mol
      Atom 807:  1.644830697612E+02 kJ/mol
      Atom 808:  6.037274386223E+00 kJ/mol
      Atom 809:  1.777927699953E+00 kJ/mol
      Atom 810:  2.114911150062E+00 kJ/mol
      Atom 811:  5.463857195113E+00 kJ/mol
      Atom 812:  3.575634120405E+00 kJ/mol
      Atom 813:  1.451035829456E+02 kJ/mol
      Atom 814:  7.341730815489E+00 kJ/mol
      Atom 815:  4.297561131751E+00 kJ/mol
      Atom 816:  -2.155872670563E-01 kJ/mol
      Atom 817:  2.302461618401E+01 kJ/mol
      Atom 818:  1.677891043008E+02 kJ/mol
      Atom 819:  3.601238729753E+01 kJ/mol
      Atom 820:  5.053420572630E+01 kJ/mol
      Atom 821:  2.642121125849E+02 kJ/mol
      Atom 822:  2.833352307516E+02 kJ/mol
      Atom 823:  2.256445002831E+01 kJ/mol
      Atom 824:  3.339816559819E+01 kJ/mol
      Atom 825:  1.446499363710E+02 kJ/mol
      Atom 826:  1.191869146211E+02 kJ/mol
      Atom 827:  0.000000000000E+00 kJ/mol
      Atom 828:  1.866116295553E+02 kJ/mol
      Atom 829:  2.601208399530E+01 kJ/mol
      Atom 830:  1.825996202281E+01 kJ/mol
      Atom 831:  1.591770524020E+01 kJ/mol
      Atom 832:  1.329934793572E+00 kJ/mol
      Atom 833:  2.660397177956E+00 kJ/mol
      Atom 834:  -4.169911280879E-01 kJ/mol
      Atom 835:  1.302008548328E+00 kJ/mol
      Atom 836:  1.534471566175E+02 kJ/mol
      Atom 837:  9.609216427887E+02 kJ/mol
      Atom 838:  3.371912329087E+02 kJ/mol
      Atom 839:  3.157278116810E+02 kJ/mol
      Atom 840:  1.604123190160E+02 kJ/mol
      Atom 841:  5.769957988340E+00 kJ/mol
      Atom 842:  2.601360434286E+00 kJ/mol
      Atom 843:  1.651205266914E+00 kJ/mol
      Atom 844:  1.020414876444E+01 kJ/mol
      Atom 845:  4.719731275732E+00 kJ/mol
      Atom 846:  1.425240135261E+02 kJ/mol
      Atom 847:  4.878414226801E+00 kJ/mol
      Atom 848:  4.152864576639E+00 kJ/mol
      Atom 849:  5.470565981807E+01 kJ/mol
      Atom 850:  1.850513188329E+01 kJ/mol
      Atom 851:  1.935832340827E+01 kJ/mol
      Atom 852:  1.049321184425E+02 kJ/mol
      Atom 853:  8.812837393853E+01 kJ/mol
      Atom 854:  9.603930110462E+01 kJ/mol
      Atom 855:  4.457507866069E+01 kJ/mol
      Atom 856:  9.902839779190E+01 kJ/mol
      Atom 857:  8.461311253589E+01 kJ/mol
      Atom 858:  5.482745272915E+00 kJ/mol
      Atom 859:  4.754492254843E+00 kJ/mol
      Atom 860:  1.848728338026E+00 kJ/mol
      Atom 861:  1.712912968659E+00 kJ/mol
      Atom 862:  1.812922024783E+00 kJ/mol
      Atom 863:  1.408393066140E+01 kJ/mol
      Atom 864:  3.814704847130E+00 kJ/mol
      Atom 865:  2.481867106545E+00 kJ/mol
      Atom 866:  5.508054486296E+00 kJ/mol
      Atom 867:  4.199529152943E+00 kJ/mol
      Atom 868:  2.337633912091E+02 kJ/mol
      Atom 869:  5.647401788761E+01 kJ/mol
      Atom 870:  6.900396319784E+00 kJ/mol
      Atom 871:  3.368026983280E+00 kJ/mol
      Atom 872:  1.633559583310E+02 kJ/mol
      Atom 873:  1.341736446233E+01 kJ/mol
      Atom 874:  5.437738700157E+00 kJ/mol
      Atom 875:  4.061311109821E+01 kJ/mol
      Atom 876:  2.647942993411E+02 kJ/mol
      Atom 877:  5.205057703990E+01 kJ/mol
      Atom 878:  1.119025150669E+01 kJ/mol
      Atom 879:  -1.521385820227E+00 kJ/mol
      Atom 880:  2.728043043845E+02 kJ/mol
      Atom 881:  7.778728612574E+01 kJ/mol
      Atom 882:  1.235782150487E+01 kJ/mol
      Atom 883:  3.267578583814E+02 kJ/mol
      Atom 884:  8.146580038728E+01 kJ/mol
      Atom 885:  8.437624170593E+01 kJ/mol
      Atom 886:  2.037864953378E+02 kJ/mol
      Atom 887:  5.370244805500E+01 kJ/mol
      Atom 888:  4.463731294858E+01 kJ/mol
      Atom 889:  8.520532566017E+00 kJ/mol
      Atom 890:  4.434608919536E+00 kJ/mol
      Atom 891:  2.163948846516E+02 kJ/mol
      Atom 892:  4.850618385371E+01 kJ/mol
      Atom 893:  5.222773288451E+00 kJ/mol
      Atom 894:  1.310974984501E+00 kJ/mol
      Atom 895:  1.982907052718E+02 kJ/mol
      Atom 896:  4.932734350159E+01 kJ/mol
      Atom 897:  8.046332655053E+00 kJ/mol
      Atom 898:  8.539781117143E-01 kJ/mol
      Atom 899:  1.236045795415E+00 kJ/mol
      Atom 900:  2.036454164416E+02 kJ/mol
      Atom 901:  9.926825089814E+02 kJ/mol
      Atom 902:  3.077095160287E+02 kJ/mol
      Atom 903:  3.820792957959E+02 kJ/mol
      Atom 904:  2.545089404619E+02 kJ/mol
      Atom 905:  8.989330884847E+02 kJ/mol
      Atom 906:  3.447560467213E+02 kJ/mol
      Atom 907:  4.383675419565E+02 kJ/mol
      Atom 908:  4.251018665999E+02 kJ/mol
      Atom 909:  3.441216322113E+02 kJ/mol
      Atom 910:  4.416971681842E+02 kJ/mol
      Atom 911:  4.877255763251E+02 kJ/mol
      Atom 912:  5.187004635294E+02 kJ/mol
  Calculating forces...
Vc_vecpmg: trapped exp overflows: 9
Vc_vecpmg: trapped exp overflows: 9
