       :-) GROMACS - gmx mdrun, 2022.1-20220817-2e64288-dirty-unknown (-:

Copyright 1991-2022 The GROMACS Authors.
GROMACS is free software; you can redistribute it and/or modify it
under the terms of the GNU Lesser General Public License
as published by the Free Software Foundation; either version 2.1
of the License, or (at your option) any later version.

                         Current GROMACS contributors:
       Mark Abraham           Andrey Alekseenko           Cathrine Bergh      
      Christian Blau            Eliane Briand               Kevin Boyd        
     Oliver Fleetwood         Stefan Fleischmann           Vytas Gapsys       
       Gaurav Garg           Gilles Gouaillardet            Alan Gray         
      Victor Holanda           M. Eric Irrgang              Joe Jordan        
    Christoph Junghans        Prashanth Kanduri           Sebastian Kehl      
     Sebastian Keller          Carsten Kutzner           Magnus Lundborg      
       Pascal Merz              Dmitry Morozov             Szilard Pall       
      Roland Schulz             Michael Shirts         David van der Spoel    
     Alessandra Villa      Sebastian Wingbermuehle        Artem Zhmurov       

                         Previous GROMACS contributors:
        Emile Apol             Rossen Apostolov           James Barnett       
  Herman J.C. Berendsen          Par Bjelkmar           Viacheslav Bolnykh    
    Aldert van Buuren          Carlo Camilloni           Rudi van Drunen      
      Anton Feenstra           Gerrit Groenhof            Bert de Groot       
      Anca Hamuraru           Vincent Hindriksen         Aleksei Iupinov      
   Dimitrios Karkoulis           Peter Kasson               Jiri Kraus        
       Per Larsson             Justin A. Lemkul           Viveca Lindahl      
      Erik Marklund           Pieter Meulenhoff           Vedran Miletic      
      Teemu Murtola              Sander Pronk            Alexey Shvetsov      
      Alfons Sijbers            Peter Tieleman             Jon Vincent        
     Teemu Virolainen         Christian Wennberg           Maarten Wolf       

                  Coordinated by the GROMACS project leaders:
                    Paul Bauer, Berk Hess, and Erik Lindahl

GROMACS:      gmx mdrun, version 2022.1-20220817-2e64288-dirty-unknown
Executable:   /public/software/apps/Gromacs-DCU2/2022.1/mpi/bin/gmx_mpi
Data prefix:  /public/software/apps/Gromacs-DCU2/2022.1/mpi
Working dir:  /work/home/ac8jqir807/01_Amber/01_wildtype
Process ID:   11681
Command line:
  gmx_mpi mdrun -v -pin on -nb gpu -deffnm nvt-pr

GROMACS version:    2022.1-20220817-2e64288-dirty-unknown
GIT SHA1 hash:      2e6428859e49ed6f75a140e4a2ffa64eaf000a4d (dirty)
Branched from:      unknown
Precision:          mixed
Memory model:       64 bit
MPI library:        MPI
OpenMP support:     enabled (GMX_OPENMP_MAX_THREADS = 128)
GPU support:        CUDA
SIMD instructions:  AVX2_256
CPU FFT library:    fftw-3.3.8-sse2-avx_128_fma
GPU FFT library:    cuFFT
RDTSCP usage:       enabled
TNG support:        enabled
Hwloc support:      disabled
Tracing support:    disabled
C compiler:         /work/home/wangmq515/dtk-22.04.2/bin/hipcc Clang 14.0.0
C compiler flags:   -mavx2 -mfma -Wno-missing-field-initializers -pthread -O3 -DNDEBUG
C++ compiler:       /work/home/wangmq515/dtk-22.04.2/bin/hipcc Clang 14.0.0
C++ compiler flags: -mavx2 -mfma -pthread -Wno-reserved-identifier -Wno-missing-field-initializers -Weverything -Wno-c++98-compat -Wno-c++98-compat-pedantic -Wno-source-uses-openmp -Wno-c++17-extensions -Wno-documentation-unknown-command -Wno-covered-switch-default -Wno-switch-enum -Wno-extra-semi-stmt -Wno-weak-vtables -Wno-shadow -Wno-padded -Wno-reserved-id-macro -Wno-double-promotion -Wno-exit-time-destructors -Wno-global-constructors -Wno-documentation -Wno-format-nonliteral -Wno-used-but-marked-unused -Wno-float-equal -Wno-conditional-uninitialized -Wno-conversion -Wno-disabled-macro-expansion -Wno-unused-macros -pthread -fopenmp=libomp -O3 -DNDEBUG
CUDA compiler:      /work/home/wangmq515/dtk-22.04.2/cuda/bin/nvcc HIP version: 4.3.22313-cccb3896;clang version 14.0.0 (http://10.8.150.239/dcutoolkit/driverruntime/llvm-project.git 458573e609dd35aac1fa72e6136853de2b7651c8);Target: x86_64-unknown-linux-gnu;Thread model: posix;InstalledDir: /work/home/wangmq515/dtk-22.04.2/llvm/bin
CUDA compiler flags:-std=c++17;;;-Xcompiler -Wno-zero-as-null-pointer-constant;-Xcompiler -Wno-deprecated-dynamic-exception-spec;-Xcompiler -Wno-old-style-cast;-mavx2 -mfma -pthread -Wno-reserved-identifier -Wno-missing-field-initializers -Weverything -Wno-c++98-compat -Wno-c++98-compat-pedantic -Wno-source-uses-openmp -Wno-c++17-extensions -Wno-documentation-unknown-command -Wno-covered-switch-default -Wno-switch-enum -Wno-extra-semi-stmt -Wno-weak-vtables -Wno-shadow -Wno-padded -Wno-reserved-id-macro -Wno-double-promotion -Wno-exit-time-destructors -Wno-global-constructors -Wno-documentation -Wno-format-nonliteral -Wno-used-but-marked-unused -Wno-float-equal -Wno-conditional-uninitialized -Wno-conversion -Wno-disabled-macro-expansion -Wno-unused-macros -pthread -fopenmp=libomp -O3 -DNDEBUG
CUDA driver:        0.4
CUDA runtime:       22.2


Running on 1 node with total 32 cores, 32 processing units, 4 compatible GPUs
Hardware detected on host c06r2n19 (the node of MPI rank 0):
  CPU info:
    Vendor: Hygon
    Brand:  Hygon C86 7285 32-core Processor               
    Family: 24   Model: 1   Stepping: 1
    Features: aes apic avx avx2 clfsh cmov cx8 cx16 f16c fma htt lahf misalignsse mmx msr nonstop_tsc pclmuldq pdpe1gb popcnt pse rdrnd rdtscp sha sse2 sse3 sse4a sse4.1 sse4.2 ssse3 hygon
  Hardware topology: Basic
    Packages, cores, and logical processors:
    [indices refer to OS logical processors]
      Package  0: [   0] [   1] [   2] [   3] [   4] [   5] [   6] [   7] [   8] [   9] [  10] [  11] [  12] [  13] [  14] [  15] [  16] [  17] [  18] [  19] [  20] [  21] [  22] [  23] [  24] [  25] [  26] [  27] [  28] [  29] [  30] [  31]
    CPU limit set by OS: -1   Recommended max number of threads: 32
  GPU info:
    Number of GPUs detected: 4
    #0: NVIDIA Z100SM, compute cap.: 7.5, ECC:  no, stat: compatible
    #1: NVIDIA Z100SM, compute cap.: 7.5, ECC:  no, stat: compatible
    #2: NVIDIA Z100SM, compute cap.: 7.5, ECC:  no, stat: compatible
    #3: NVIDIA Z100SM, compute cap.: 7.5, ECC:  no, stat: compatible


++++ PLEASE READ AND CITE THE FOLLOWING REFERENCE ++++
M. J. Abraham, T. Murtola, R. Schulz, S. Páll, J. C. Smith, B. Hess, E.
Lindahl
GROMACS: High performance molecular simulations through multi-level
parallelism from laptops to supercomputers
SoftwareX 1 (2015) pp. 19-25
-------- -------- --- Thank You --- -------- --------


++++ PLEASE READ AND CITE THE FOLLOWING REFERENCE ++++
S. Páll, M. J. Abraham, C. Kutzner, B. Hess, E. Lindahl
Tackling Exascale Software Challenges in Molecular Dynamics Simulations with
GROMACS
In S. Markidis & E. Laure (Eds.), Solving Software Challenges for Exascale 8759 (2015) pp. 3-27
-------- -------- --- Thank You --- -------- --------


++++ PLEASE READ AND CITE THE FOLLOWING REFERENCE ++++
S. Pronk, S. Páll, R. Schulz, P. Larsson, P. Bjelkmar, R. Apostolov, M. R.
Shirts, J. C. Smith, P. M. Kasson, D. van der Spoel, B. Hess, and E. Lindahl
GROMACS 4.5: a high-throughput and highly parallel open source molecular
simulation toolkit
Bioinformatics 29 (2013) pp. 845-54
-------- -------- --- Thank You --- -------- --------


++++ PLEASE READ AND CITE THE FOLLOWING REFERENCE ++++
B. Hess and C. Kutzner and D. van der Spoel and E. Lindahl
GROMACS 4: Algorithms for highly efficient, load-balanced, and scalable
molecular simulation
J. Chem. Theory Comput. 4 (2008) pp. 435-447
-------- -------- --- Thank You --- -------- --------


++++ PLEASE READ AND CITE THE FOLLOWING REFERENCE ++++
D. van der Spoel, E. Lindahl, B. Hess, G. Groenhof, A. E. Mark and H. J. C.
Berendsen
GROMACS: Fast, Flexible and Free
J. Comp. Chem. 26 (2005) pp. 1701-1719
-------- -------- --- Thank You --- -------- --------


++++ PLEASE READ AND CITE THE FOLLOWING REFERENCE ++++
E. Lindahl and B. Hess and D. van der Spoel
GROMACS 3.0: A package for molecular simulation and trajectory analysis
J. Mol. Mod. 7 (2001) pp. 306-317
-------- -------- --- Thank You --- -------- --------


++++ PLEASE READ AND CITE THE FOLLOWING REFERENCE ++++
H. J. C. Berendsen, D. van der Spoel and R. van Drunen
GROMACS: A message-passing parallel molecular dynamics implementation
Comp. Phys. Comm. 91 (1995) pp. 43-56
-------- -------- --- Thank You --- -------- --------


++++ PLEASE CITE THE DOI FOR THIS VERSION OF GROMACS ++++
https://doi.org/10.5281/zenodo.6451564
-------- -------- --- Thank You --- -------- --------

Input Parameters:
   integrator                     = md
   tinit                          = 2000
   dt                             = 0.002
   nsteps                         = 250000
   init-step                      = 0
   simulation-part                = 1
   mts                            = false
   comm-mode                      = Linear
   nstcomm                        = 100
   bd-fric                        = 0
   ld-seed                        = -1332257
   emtol                          = 10
   emstep                         = 0.01
   niter                          = 20
   fcstep                         = 0
   nstcgsteep                     = 1000
   nbfgscorr                      = 10
   rtpi                           = 0.05
   nstxout                        = 20000
   nstvout                        = 0
   nstfout                        = 0
   nstlog                         = 5000
   nstcalcenergy                  = 100
   nstenergy                      = 5000
   nstxout-compressed             = 20000
   compressed-x-precision         = 1000
   cutoff-scheme                  = Verlet
   nstlist                        = 10
   pbc                            = xyz
   periodic-molecules             = false
   verlet-buffer-tolerance        = 0.005
   rlist                          = 1
   coulombtype                    = PME
   coulomb-modifier               = Potential-shift
   rcoulomb-switch                = 0
   rcoulomb                       = 1
   epsilon-r                      = 1
   epsilon-rf                     = inf
   vdw-type                       = Cut-off
   vdw-modifier                   = Potential-shift
   rvdw-switch                    = 0
   rvdw                           = 1
   DispCorr                       = EnerPres
   table-extension                = 1
   fourierspacing                 = 0.125
   fourier-nx                     = 40
   fourier-ny                     = 72
   fourier-nz                     = 32
   pme-order                      = 4
   ewald-rtol                     = 1e-05
   ewald-rtol-lj                  = 0.001
   lj-pme-comb-rule               = Geometric
   ewald-geometry                 = 3d
   epsilon-surface                = 0
   tcoupl                         = Nose-Hoover
   nsttcouple                     = 10
   nh-chain-length                = 1
   print-nose-hoover-chain-variables = false
   pcoupl                         = No
   pcoupltype                     = Isotropic
   nstpcouple                     = -1
   tau-p                          = 1
   compressibility (3x3):
      compressibility[    0]={ 0.00000e+00,  0.00000e+00,  0.00000e+00}
      compressibility[    1]={ 0.00000e+00,  0.00000e+00,  0.00000e+00}
      compressibility[    2]={ 0.00000e+00,  0.00000e+00,  0.00000e+00}
   ref-p (3x3):
      ref-p[    0]={ 0.00000e+00,  0.00000e+00,  0.00000e+00}
      ref-p[    1]={ 0.00000e+00,  0.00000e+00,  0.00000e+00}
      ref-p[    2]={ 0.00000e+00,  0.00000e+00,  0.00000e+00}
   refcoord-scaling               = No
   posres-com (3):
      posres-com[0]= 0.00000e+00
      posres-com[1]= 0.00000e+00
      posres-com[2]= 0.00000e+00
   posres-comB (3):
      posres-comB[0]= 0.00000e+00
      posres-comB[1]= 0.00000e+00
      posres-comB[2]= 0.00000e+00
   QMMM                           = false
qm-opts:
   ngQM                           = 0
   constraint-algorithm           = Lincs
   continuation                   = true
   Shake-SOR                      = false
   shake-tol                      = 0.0001
   lincs-order                    = 4
   lincs-iter                     = 1
   lincs-warnangle                = 30
   nwall                          = 0
   wall-type                      = 9-3
   wall-r-linpot                  = -1
   wall-atomtype[0]               = -1
   wall-atomtype[1]               = -1
   wall-density[0]                = 0
   wall-density[1]                = 0
   wall-ewald-zfac                = 3
   pull                           = false
   awh                            = false
   rotation                       = false
   interactiveMD                  = false
   disre                          = No
   disre-weighting                = Conservative
   disre-mixed                    = false
   dr-fc                          = 1000
   dr-tau                         = 0
   nstdisreout                    = 100
   orire-fc                       = 0
   orire-tau                      = 0
   nstorireout                    = 100
   free-energy                    = no
   cos-acceleration               = 0
   deform (3x3):
      deform[    0]={ 0.00000e+00,  0.00000e+00,  0.00000e+00}
      deform[    1]={ 0.00000e+00,  0.00000e+00,  0.00000e+00}
      deform[    2]={ 0.00000e+00,  0.00000e+00,  0.00000e+00}
   simulated-tempering            = false
   swapcoords                     = no
   userint1                       = 0
   userint2                       = 0
   userint3                       = 0
   userint4                       = 0
   userreal1                      = 0
   userreal2                      = 0
   userreal3                      = 0
   userreal4                      = 0
   applied-forces:
     electric-field:
       x:
         E0                       = 0
         omega                    = 0
         t0                       = 0
         sigma                    = 0
       y:
         E0                       = 0
         omega                    = 0
         t0                       = 0
         sigma                    = 0
       z:
         E0                       = 0
         omega                    = 0
         t0                       = 0
         sigma                    = 0
     density-guided-simulation:
       active                     = false
       group                      = protein
       similarity-measure         = inner-product
       atom-spreading-weight      = unity
       force-constant             = 1e+09
       gaussian-transform-spreading-width = 0.2
       gaussian-transform-spreading-range-in-multiples-of-width = 4
       reference-density-filename = reference.mrc
       nst                        = 1
       normalize-densities        = true
       adaptive-force-scaling     = false
       adaptive-force-scaling-time-constant = 4
       shift-vector               = 
       transformation-matrix      = 
     qmmm-cp2k:
       active                     = false
       qmgroup                    = System
       qmmethod                   = PBE
       qmfilenames                = 
       qmcharge                   = 0
       qmmultiplicity             = 1
grpopts:
   nrdf:     2305.81     33939.2
   ref-t:         298         298
   tau-t:         0.5         0.5
annealing:          No          No
annealing-npoints:           0           0
   acc:	           0           0           0
   nfreeze:           N           N           N
   energygrp-flags[  0]: 0

Changing nstlist from 10 to 100, rlist from 1 to 1.156

When checking whether update groups are usable:
  At least one moleculetype does not conform to the requirements for using update groups

Initializing Domain Decomposition on 4 ranks
Dynamic load balancing: auto
Minimum cell size due to atom displacement: 0.724 nm
Initial maximum distances in bonded interactions:
    two-body bonded interactions: 0.404 nm, LJ-14, atoms 715 740
  multi-body bonded interactions: 0.404 nm, Proper Dih., atoms 715 740
Minimum cell size due to bonded interactions: 0.444 nm
Maximum distance for 5 constraints, at 120 deg. angles, all-trans: 0.219 nm
Estimated maximum distance required for P-LINCS: 0.219 nm
Scaling the initial minimum size with 1/0.8 (option -dds) = 1.25
Using 0 separate PME ranks because: PME-only ranks are not automatically used when non-bonded interactions are computed on GPUs; there are too few total ranks for efficient splitting
Optimizing the DD grid for 4 cells with a minimum initial size of 0.905 nm
The maximum allowed number of cells is: X 5 Y 9 Z 4
Domain decomposition grid 1 x 4 x 1, separate PME ranks 0
PME domain decomposition: 1 x 4 x 1
Domain decomposition rank 0, coordinates 0 0 0

The initial number of communication pulses is: Y 1
The initial domain decomposition cell size is: Y 2.25 nm

The maximum allowed distance for atoms involved in interactions is:
                 non-bonded interactions           1.156 nm
            two-body bonded interactions  (-rdd)   1.156 nm
          multi-body bonded interactions  (-rdd)   1.156 nm
  atoms separated by up to 5 constraints  (-rcon)  2.250 nm

When dynamic load balancing gets turned on, these settings will change to:
The maximum number of communication pulses is: Y 1
The minimum size for domain decomposition cells is 1.156 nm
The requested allowed shrink of DD cells (option -dds) is: 0.80
The allowed shrink of domain decomposition cells is: Y 0.51
The maximum allowed distance for atoms involved in interactions is:
                 non-bonded interactions           1.156 nm
            two-body bonded interactions  (-rdd)   1.156 nm
          multi-body bonded interactions  (-rdd)   1.156 nm
  atoms separated by up to 5 constraints  (-rcon)  1.156 nm

On host c06r2n19 4 GPUs selected for this run.
Mapping of GPU IDs to the 4 GPU tasks in the 4 ranks on this node:
  PP:0,PP:1,PP:2,PP:3
PP tasks will do (non-perturbed) short-ranged and most bonded interactions on the GPU
PP task will update and constrain coordinates on the CPU
Using 4 MPI processes
Using 8 OpenMP threads per MPI process


Overriding thread affinity set outside gmx mdrun

Pinning threads with an auto-selected logical cpu stride of 1
System total charge: 0.000
Will do PME sum in reciprocal space for electrostatic interactions.

++++ PLEASE READ AND CITE THE FOLLOWING REFERENCE ++++
U. Essmann, L. Perera, M. L. Berkowitz, T. Darden, H. Lee and L. G. Pedersen 
A smooth particle mesh Ewald method
J. Chem. Phys. 103 (1995) pp. 8577-8592
-------- -------- --- Thank You --- -------- --------

Using a Gaussian width (1/beta) of 0.320163 nm for Ewald
Potential shift: LJ r^-12: -1.000e+00 r^-6: -1.000e+00, Ewald -1.000e-05
Initialized non-bonded Coulomb Ewald tables, spacing: 9.33e-04 size: 1073

Generated table with 1078 data points for 1-4 COUL.
Tabscale = 500 points/nm
Generated table with 1078 data points for 1-4 LJ6.
Tabscale = 500 points/nm
Generated table with 1078 data points for 1-4 LJ12.
Tabscale = 500 points/nm
Long Range LJ corr.: <C6> 3.1594e-04


Using GPU 8x8 nonbonded short-range kernels

Using a dual 8x8 pair-list setup updated with dynamic, rolling pruning:
  outer list: updated every 100 steps, buffer 0.156 nm, rlist 1.156 nm
  inner list: updated every  10 steps, buffer 0.001 nm, rlist 1.001 nm
At tolerance 0.005 kJ/mol/ps per atom, equivalent classical 1x1 list would be:
  outer list: updated every 100 steps, buffer 0.305 nm, rlist 1.305 nm
  inner list: updated every  10 steps, buffer 0.042 nm, rlist 1.042 nm

Using Lorentz-Berthelot Lennard-Jones combination rule

Linking all bonded interactions to atoms


Initializing Parallel LINear Constraint Solver

++++ PLEASE READ AND CITE THE FOLLOWING REFERENCE ++++
B. Hess
P-LINCS: A Parallel Linear Constraint Solver for molecular simulation
J. Chem. Theory Comput. 4 (2008) pp. 116-122
-------- -------- --- Thank You --- -------- --------

The number of constraints is 328
There are constraints between atoms in different decomposition domains,
will communicate selected coordinates each lincs iteration

++++ PLEASE READ AND CITE THE FOLLOWING REFERENCE ++++
S. Miyamoto and P. A. Kollman
SETTLE: An Analytical Version of the SHAKE and RATTLE Algorithms for Rigid
Water Models
J. Comp. Chem. 13 (1992) pp. 952-962
-------- -------- --- Thank You --- -------- --------


Intra-simulation communication will occur every 10 steps.
There are: 17777 Atoms
Atom distribution over 4 domains: av 4444 stddev 57 min 4418 max 4495

NOTE: DLB will not turn on during the first phase of PME tuning
Center of mass motion removal mode is Linear
We have the following groups for center of mass motion removal:
  0:  rest

Started mdrun on rank 0 Thu Apr 20 13:46:08 2023

           Step           Time
              0     2000.00000

   Energies (kJ/mol)
           Bond          Angle    Proper Dih.Periodic Improper Dih.          LJ-14
    3.34172e+02    1.16521e+03    3.03172e+03    1.69107e+01    9.09990e+02
     Coulomb-14        LJ (SR)  Disper. corr.   Coulomb (SR)   Coul. recip.
   -2.34538e+04    4.33851e+04   -2.32064e+03   -3.71866e+05    3.23934e+03
      Potential    Kinetic En.   Total Energy  Conserved En.    Temperature
   -3.45558e+05    6.08594e+03   -3.39472e+05   -3.39472e+05    4.03901e+01
 Pres. DC (bar) Pressure (bar)   Constr. rmsd
   -2.14343e+02   -1.87715e+04    7.93550e-07


DD  step 99 load imb.: force  4.3%
step 4500: timed with pme grid 40 72 32, coulomb cutoff 1.000: 220.0 M-cycles
step 4700: timed with pme grid 36 64 28, coulomb cutoff 1.143: 182.0 M-cycles
step 4900: timed with pme grid 32 56 25, coulomb cutoff 1.286: 315.4 M-cycles

DD  step 4999 load imb.: force  2.6%
           Step           Time
           5000     2010.00000

   Energies (kJ/mol)
           Bond          Angle    Proper Dih.Periodic Improper Dih.          LJ-14
    1.19725e+03    2.30698e+03    3.04804e+03    5.29219e+01    1.04705e+03
     Coulomb-14        LJ (SR)  Disper. corr.   Coulomb (SR)   Coul. recip.
   -2.37959e+04    3.40286e+04   -2.32064e+03   -3.03010e+05    7.59499e+02
      Potential    Kinetic En.   Total Energy  Conserved En.    Temperature
   -2.86686e+05    4.51899e+04   -2.41496e+05   -2.75609e+05    2.99908e+02
 Pres. DC (bar) Pressure (bar)   Constr. rmsd
   -2.14343e+02   -5.38107e+02    2.40880e-06

step 5100: timed with pme grid 32 60 28, coulomb cutoff 1.250: 208.4 M-cycles
step 5300: timed with pme grid 36 60 28, coulomb cutoff 1.200: 153.7 M-cycles
step 5500: timed with pme grid 36 64 32, coulomb cutoff 1.125: 267.0 M-cycles
step 5700: timed with pme grid 36 72 32, coulomb cutoff 1.111: 161.1 M-cycles
              optimal pme grid 36 60 28, coulomb cutoff 1.200

NOTE: DLB can now turn on, when beneficial

DD  step 9999 load imb.: force  1.4%
           Step           Time
          10000     2020.00000

   Energies (kJ/mol)
           Bond          Angle    Proper Dih.Periodic Improper Dih.          LJ-14
    1.21606e+03    2.37789e+03    3.08682e+03    4.46847e+01    1.07289e+03
     Coulomb-14        LJ (SR)  Disper. corr.   Coulomb (SR)   Coul. recip.
   -2.36854e+04    3.35643e+04   -2.32064e+03   -3.03300e+05    8.75868e+02
      Potential    Kinetic En.   Total Energy  Conserved En.    Temperature
   -2.87068e+05    4.44416e+04   -2.42626e+05   -2.75465e+05    2.94943e+02
 Pres. DC (bar) Pressure (bar)   Constr. rmsd
   -2.14343e+02   -5.74546e+02    3.21227e-06


DD  step 14999 load imb.: force  5.3%
           Step           Time
          15000     2030.00000

   Energies (kJ/mol)
           Bond          Angle    Proper Dih.Periodic Improper Dih.          LJ-14
    1.18721e+03    2.33679e+03    3.02167e+03    6.87861e+01    1.05270e+03
     Coulomb-14        LJ (SR)  Disper. corr.   Coulomb (SR)   Coul. recip.
   -2.36665e+04    3.50505e+04   -2.32064e+03   -3.04765e+05    8.82335e+02
      Potential    Kinetic En.   Total Energy  Conserved En.    Temperature
   -2.87152e+05    4.51049e+04   -2.42048e+05   -2.75252e+05    2.99345e+02
 Pres. DC (bar) Pressure (bar)   Constr. rmsd
   -2.14343e+02   -1.94078e+02    1.85174e-06


DD  step 19999 load imb.: force  2.3%
           Step           Time
          20000     2040.00000

   Energies (kJ/mol)
           Bond          Angle    Proper Dih.Periodic Improper Dih.          LJ-14
    1.32669e+03    2.33133e+03    3.01367e+03    3.79404e+01    1.01054e+03
     Coulomb-14        LJ (SR)  Disper. corr.   Coulomb (SR)   Coul. recip.
   -2.35885e+04    3.50879e+04   -2.32064e+03   -3.04685e+05    8.54010e+02
      Potential    Kinetic En.   Total Energy  Conserved En.    Temperature
   -2.86932e+05    4.46952e+04   -2.42237e+05   -2.75345e+05    2.96625e+02
 Pres. DC (bar) Pressure (bar)   Constr. rmsd
   -2.14343e+02   -2.47944e+02    3.10821e-06


DD  step 24999 load imb.: force  1.6%
           Step           Time
          25000     2050.00000

   Energies (kJ/mol)
           Bond          Angle    Proper Dih.Periodic Improper Dih.          LJ-14
    1.31133e+03    2.31076e+03    2.85871e+03    5.02103e+01    1.03166e+03
     Coulomb-14        LJ (SR)  Disper. corr.   Coulomb (SR)   Coul. recip.
   -2.35754e+04    3.37265e+04   -2.32064e+03   -3.03666e+05    8.42278e+02
      Potential    Kinetic En.   Total Energy  Conserved En.    Temperature
   -2.87431e+05    4.47728e+04   -2.42658e+05   -2.75184e+05    2.97141e+02
 Pres. DC (bar) Pressure (bar)   Constr. rmsd
   -2.14343e+02   -8.30572e+02    2.18994e-06


DD  step 29999 load imb.: force  2.2%
           Step           Time
          30000     2060.00000

   Energies (kJ/mol)
           Bond          Angle    Proper Dih.Periodic Improper Dih.          LJ-14
    1.25509e+03    2.37768e+03    2.96454e+03    3.76501e+01    1.02992e+03
     Coulomb-14        LJ (SR)  Disper. corr.   Coulomb (SR)   Coul. recip.
   -2.38232e+04    3.47164e+04   -2.32064e+03   -3.03709e+05    8.63461e+02
      Potential    Kinetic En.   Total Energy  Conserved En.    Temperature
   -2.86608e+05    4.42645e+04   -2.42344e+05   -2.75010e+05    2.93767e+02
 Pres. DC (bar) Pressure (bar)   Constr. rmsd
   -2.14343e+02   -2.95644e+02    2.11859e-06


DD  step 34999 load imb.: force  1.1%
           Step           Time
          35000     2070.00000

   Energies (kJ/mol)
           Bond          Angle    Proper Dih.Periodic Improper Dih.          LJ-14
    1.15925e+03    2.35179e+03    2.98791e+03    5.14481e+01    1.03610e+03
     Coulomb-14        LJ (SR)  Disper. corr.   Coulomb (SR)   Coul. recip.
   -2.36690e+04    3.42011e+04   -2.32064e+03   -3.03902e+05    8.97999e+02
      Potential    Kinetic En.   Total Energy  Conserved En.    Temperature
   -2.87206e+05    4.44919e+04   -2.42714e+05   -2.74962e+05    2.95276e+02
 Pres. DC (bar) Pressure (bar)   Constr. rmsd
   -2.14343e+02   -4.99358e+02    1.90688e-06


DD  step 39999 load imb.: force  2.9%
           Step           Time
          40000     2080.00000

   Energies (kJ/mol)
           Bond          Angle    Proper Dih.Periodic Improper Dih.          LJ-14
    1.18424e+03    2.34176e+03    3.00254e+03    6.81224e+01    1.02781e+03
     Coulomb-14        LJ (SR)  Disper. corr.   Coulomb (SR)   Coul. recip.
   -2.33640e+04    3.50564e+04   -2.32064e+03   -3.04093e+05    8.52641e+02
      Potential    Kinetic En.   Total Energy  Conserved En.    Temperature
   -2.86244e+05    4.40397e+04   -2.42204e+05   -2.74925e+05    2.92275e+02
 Pres. DC (bar) Pressure (bar)   Constr. rmsd
   -2.14343e+02   -2.03753e+02    2.66484e-06


DD  step 44999 load imb.: force  2.9%
           Step           Time
          45000     2090.00000

   Energies (kJ/mol)
           Bond          Angle    Proper Dih.Periodic Improper Dih.          LJ-14
    1.23103e+03    2.44893e+03    2.89896e+03    5.23948e+01    9.93842e+02
     Coulomb-14        LJ (SR)  Disper. corr.   Coulomb (SR)   Coul. recip.
   -2.36469e+04    3.57751e+04   -2.32064e+03   -3.05367e+05    8.82474e+02
      Potential    Kinetic En.   Total Energy  Conserved En.    Temperature
   -2.87052e+05    4.54309e+04   -2.41621e+05   -2.74664e+05    3.01508e+02
 Pres. DC (bar) Pressure (bar)   Constr. rmsd
   -2.14343e+02   -1.83196e+02    2.35495e-06


DD  step 49999 load imb.: force  3.6%
           Step           Time
          50000     2100.00000

   Energies (kJ/mol)
           Bond          Angle    Proper Dih.Periodic Improper Dih.          LJ-14
    1.18014e+03    2.35066e+03    2.93693e+03    5.96691e+01    1.03346e+03
     Coulomb-14        LJ (SR)  Disper. corr.   Coulomb (SR)   Coul. recip.
   -2.36948e+04    3.48321e+04   -2.32064e+03   -3.05202e+05    8.64571e+02
      Potential    Kinetic En.   Total Energy  Conserved En.    Temperature
   -2.87960e+05    4.51809e+04   -2.42779e+05   -2.74801e+05    2.99849e+02
 Pres. DC (bar) Pressure (bar)   Constr. rmsd
   -2.14343e+02   -3.18915e+02    2.37499e-06


DD  step 54999 load imb.: force  2.4%
           Step           Time
          55000     2110.00000

   Energies (kJ/mol)
           Bond          Angle    Proper Dih.Periodic Improper Dih.          LJ-14
    1.26819e+03    2.44340e+03    2.87210e+03    5.50804e+01    1.00833e+03
     Coulomb-14        LJ (SR)  Disper. corr.   Coulomb (SR)   Coul. recip.
   -2.37056e+04    3.47311e+04   -2.32064e+03   -3.03374e+05    8.78055e+02
      Potential    Kinetic En.   Total Energy  Conserved En.    Temperature
   -2.86144e+05    4.53318e+04   -2.40812e+05   -2.74759e+05    3.00850e+02
 Pres. DC (bar) Pressure (bar)   Constr. rmsd
   -2.14343e+02   -2.92402e+02    2.22481e-06


DD  step 59999 load imb.: force  2.3%
           Step           Time
          60000     2120.00000

   Energies (kJ/mol)
           Bond          Angle    Proper Dih.Periodic Improper Dih.          LJ-14
    1.12427e+03    2.16911e+03    3.02059e+03    4.78127e+01    1.03643e+03
     Coulomb-14        LJ (SR)  Disper. corr.   Coulomb (SR)   Coul. recip.
   -2.35194e+04    3.39815e+04   -2.32064e+03   -3.04362e+05    8.13852e+02
      Potential    Kinetic En.   Total Energy  Conserved En.    Temperature
   -2.88008e+05    4.41053e+04   -2.43903e+05   -2.74347e+05    2.92711e+02
 Pres. DC (bar) Pressure (bar)   Constr. rmsd
   -2.14343e+02   -6.44117e+02    2.06011e-06


DD  step 64999 load imb.: force  2.1%
           Step           Time
          65000     2130.00000

   Energies (kJ/mol)
           Bond          Angle    Proper Dih.Periodic Improper Dih.          LJ-14
    1.24369e+03    2.30241e+03    2.89645e+03    5.59607e+01    1.03533e+03
     Coulomb-14        LJ (SR)  Disper. corr.   Coulomb (SR)   Coul. recip.
   -2.39752e+04    3.50988e+04   -2.32064e+03   -3.04945e+05    8.89441e+02
      Potential    Kinetic En.   Total Energy  Conserved En.    Temperature
   -2.87719e+05    4.46489e+04   -2.43070e+05   -2.74281e+05    2.96318e+02
 Pres. DC (bar) Pressure (bar)   Constr. rmsd
   -2.14343e+02   -2.18391e+02    2.09217e-06


DD  step 69999 load imb.: force  2.5%
           Step           Time
          70000     2140.00000

   Energies (kJ/mol)
           Bond          Angle    Proper Dih.Periodic Improper Dih.          LJ-14
    1.03996e+03    2.47347e+03    2.89369e+03    5.46457e+01    1.02643e+03
     Coulomb-14        LJ (SR)  Disper. corr.   Coulomb (SR)   Coul. recip.
   -2.37008e+04    3.55738e+04   -2.32064e+03   -3.05759e+05    8.86942e+02
      Potential    Kinetic En.   Total Energy  Conserved En.    Temperature
   -2.87832e+05    4.47971e+04   -2.43035e+05   -2.74235e+05    2.97302e+02
 Pres. DC (bar) Pressure (bar)   Constr. rmsd
   -2.14343e+02   -2.60473e+02    2.03350e-06


DD  step 74999 load imb.: force  3.8%
           Step           Time
          75000     2150.00000

   Energies (kJ/mol)
           Bond          Angle    Proper Dih.Periodic Improper Dih.          LJ-14
    1.16237e+03    2.43651e+03    2.99551e+03    4.04912e+01    9.98625e+02
     Coulomb-14        LJ (SR)  Disper. corr.   Coulomb (SR)   Coul. recip.
   -2.37970e+04    3.47157e+04   -2.32064e+03   -3.03942e+05    8.60594e+02
      Potential    Kinetic En.   Total Energy  Conserved En.    Temperature
   -2.86850e+05    4.49735e+04   -2.41877e+05   -2.74220e+05    2.98472e+02
 Pres. DC (bar) Pressure (bar)   Constr. rmsd
   -2.14343e+02   -7.29329e+02    2.59469e-06


DD  step 79999 load imb.: force  3.1%
           Step           Time
          80000     2160.00000

   Energies (kJ/mol)
           Bond          Angle    Proper Dih.Periodic Improper Dih.          LJ-14
    1.03203e+03    2.40682e+03    2.96977e+03    3.64570e+01    1.00809e+03
     Coulomb-14        LJ (SR)  Disper. corr.   Coulomb (SR)   Coul. recip.
   -2.36163e+04    3.54401e+04   -2.32064e+03   -3.05432e+05    9.11762e+02
      Potential    Kinetic En.   Total Energy  Conserved En.    Temperature
   -2.87564e+05    4.46320e+04   -2.42932e+05   -2.74190e+05    2.96206e+02
 Pres. DC (bar) Pressure (bar)   Constr. rmsd
   -2.14343e+02   -4.00257e+02    2.43651e-06


DD  step 84999 load imb.: force  3.8%
           Step           Time
          85000     2170.00000

   Energies (kJ/mol)
           Bond          Angle    Proper Dih.Periodic Improper Dih.          LJ-14
    1.16435e+03    2.39660e+03    2.89634e+03    4.62227e+01    1.01550e+03
     Coulomb-14        LJ (SR)  Disper. corr.   Coulomb (SR)   Coul. recip.
   -2.38065e+04    3.58330e+04   -2.32064e+03   -3.05109e+05    8.40262e+02
      Potential    Kinetic En.   Total Energy  Conserved En.    Temperature
   -2.87044e+05    4.54543e+04   -2.41589e+05   -2.74009e+05    3.01664e+02
 Pres. DC (bar) Pressure (bar)   Constr. rmsd
   -2.14343e+02    6.07386e+01    2.38988e-06


DD  step 89999 load imb.: force  4.1%
           Step           Time
          90000     2180.00000

   Energies (kJ/mol)
           Bond          Angle    Proper Dih.Periodic Improper Dih.          LJ-14
    1.22614e+03    2.13823e+03    2.89327e+03    7.17134e+01    1.05984e+03
     Coulomb-14        LJ (SR)  Disper. corr.   Coulomb (SR)   Coul. recip.
   -2.36528e+04    3.45625e+04   -2.32064e+03   -3.03918e+05    8.21172e+02
      Potential    Kinetic En.   Total Energy  Conserved En.    Temperature
   -2.87118e+05    4.49917e+04   -2.42127e+05   -2.74034e+05    2.98593e+02
 Pres. DC (bar) Pressure (bar)   Constr. rmsd
   -2.14343e+02   -2.12363e+02    2.32328e-06


DD  step 94999 load imb.: force  3.5%
           Step           Time
          95000     2190.00000

   Energies (kJ/mol)
           Bond          Angle    Proper Dih.Periodic Improper Dih.          LJ-14
    1.16052e+03    2.25592e+03    2.96384e+03    6.19257e+01    9.91905e+02
     Coulomb-14        LJ (SR)  Disper. corr.   Coulomb (SR)   Coul. recip.
   -2.36070e+04    3.47128e+04   -2.32064e+03   -3.04175e+05    8.26961e+02
      Potential    Kinetic En.   Total Energy  Conserved En.    Temperature
   -2.87129e+05    4.51163e+04   -2.42013e+05   -2.73893e+05    2.99420e+02
 Pres. DC (bar) Pressure (bar)   Constr. rmsd
   -2.14343e+02   -3.93313e+02    2.55002e-06


DD  step 99999 load imb.: force  3.1%
           Step           Time
         100000     2200.00000

   Energies (kJ/mol)
           Bond          Angle    Proper Dih.Periodic Improper Dih.          LJ-14
    1.14967e+03    2.29420e+03    3.03095e+03    6.33899e+01    1.02652e+03
     Coulomb-14        LJ (SR)  Disper. corr.   Coulomb (SR)   Coul. recip.
   -2.37725e+04    3.46495e+04   -2.32064e+03   -3.04317e+05    8.82240e+02
      Potential    Kinetic En.   Total Energy  Conserved En.    Temperature
   -2.87314e+05    4.49270e+04   -2.42387e+05   -2.73669e+05    2.98164e+02
 Pres. DC (bar) Pressure (bar)   Constr. rmsd
   -2.14343e+02   -3.71233e+02    2.42794e-06


DD  step 104999 load imb.: force  2.3%
           Step           Time
         105000     2210.00000

   Energies (kJ/mol)
           Bond          Angle    Proper Dih.Periodic Improper Dih.          LJ-14
    1.19238e+03    2.41669e+03    3.01059e+03    4.68706e+01    1.01640e+03
     Coulomb-14        LJ (SR)  Disper. corr.   Coulomb (SR)   Coul. recip.
   -2.36144e+04    3.42962e+04   -2.32064e+03   -3.03956e+05    8.25397e+02
      Potential    Kinetic En.   Total Energy  Conserved En.    Temperature
   -2.87086e+05    4.41345e+04   -2.42952e+05   -2.73510e+05    2.92904e+02
 Pres. DC (bar) Pressure (bar)   Constr. rmsd
   -2.14343e+02   -6.20204e+02    2.09120e-06


DD  step 109999 load imb.: force  3.9%
           Step           Time
         110000     2220.00000

   Energies (kJ/mol)
           Bond          Angle    Proper Dih.Periodic Improper Dih.          LJ-14
    1.18498e+03    2.40423e+03    3.05400e+03    4.03104e+01    1.06660e+03
     Coulomb-14        LJ (SR)  Disper. corr.   Coulomb (SR)   Coul. recip.
   -2.38289e+04    3.39014e+04   -2.32064e+03   -3.03719e+05    8.67487e+02
      Potential    Kinetic En.   Total Energy  Conserved En.    Temperature
   -2.87349e+05    4.46267e+04   -2.42722e+05   -2.73457e+05    2.96171e+02
 Pres. DC (bar) Pressure (bar)   Constr. rmsd
   -2.14343e+02   -5.64881e+02    2.24984e-06


DD  step 114999 load imb.: force  4.1%
           Step           Time
         115000     2230.00000

   Energies (kJ/mol)
           Bond          Angle    Proper Dih.Periodic Improper Dih.          LJ-14
    1.39305e+03    2.29028e+03    2.93467e+03    4.37489e+01    1.01608e+03
     Coulomb-14        LJ (SR)  Disper. corr.   Coulomb (SR)   Coul. recip.
   -2.38435e+04    3.44572e+04   -2.32064e+03   -3.03763e+05    9.07594e+02
      Potential    Kinetic En.   Total Energy  Conserved En.    Temperature
   -2.86885e+05    4.49594e+04   -2.41925e+05   -2.73403e+05    2.98379e+02
 Pres. DC (bar) Pressure (bar)   Constr. rmsd
   -2.14343e+02   -3.88733e+02    2.10821e-06


DD  step 119999 load imb.: force  2.7%
           Step           Time
         120000     2240.00000

   Energies (kJ/mol)
           Bond          Angle    Proper Dih.Periodic Improper Dih.          LJ-14
    1.36003e+03    2.48557e+03    2.97166e+03    5.04931e+01    1.02591e+03
     Coulomb-14        LJ (SR)  Disper. corr.   Coulomb (SR)   Coul. recip.
   -2.38312e+04    3.40047e+04   -2.32064e+03   -3.04258e+05    8.24012e+02
      Potential    Kinetic En.   Total Energy  Conserved En.    Temperature
   -2.87688e+05    4.46521e+04   -2.43036e+05   -2.73348e+05    2.96340e+02
 Pres. DC (bar) Pressure (bar)   Constr. rmsd
   -2.14343e+02   -6.43453e+02    2.51290e-06


DD  step 124999 load imb.: force  3.4%
           Step           Time
         125000     2250.00000

   Energies (kJ/mol)
           Bond          Angle    Proper Dih.Periodic Improper Dih.          LJ-14
    1.21009e+03    2.33059e+03    2.97964e+03    4.14239e+01    9.91392e+02
     Coulomb-14        LJ (SR)  Disper. corr.   Coulomb (SR)   Coul. recip.
   -2.36208e+04    3.46622e+04   -2.32064e+03   -3.03642e+05    8.33908e+02
      Potential    Kinetic En.   Total Energy  Conserved En.    Temperature
   -2.86534e+05    4.49861e+04   -2.41548e+05   -2.73026e+05    2.98556e+02
 Pres. DC (bar) Pressure (bar)   Constr. rmsd
   -2.14343e+02   -3.55959e+02    1.92994e-06


DD  step 129999 load imb.: force  2.1%
           Step           Time
         130000     2260.00000

   Energies (kJ/mol)
           Bond          Angle    Proper Dih.Periodic Improper Dih.          LJ-14
    1.37820e+03    2.15281e+03    2.98359e+03    4.04463e+01    1.04221e+03
     Coulomb-14        LJ (SR)  Disper. corr.   Coulomb (SR)   Coul. recip.
   -2.36959e+04    3.49120e+04   -2.32064e+03   -3.03863e+05    8.67170e+02
      Potential    Kinetic En.   Total Energy  Conserved En.    Temperature
   -2.86504e+05    4.51864e+04   -2.41317e+05   -2.73065e+05    2.99886e+02
 Pres. DC (bar) Pressure (bar)   Constr. rmsd
   -2.14343e+02   -5.98637e+01    2.65992e-06


DD  step 134999 load imb.: force  2.7%
           Step           Time
         135000     2270.00000

   Energies (kJ/mol)
           Bond          Angle    Proper Dih.Periodic Improper Dih.          LJ-14
    1.33670e+03    2.31945e+03    2.87646e+03    6.61843e+01    1.01706e+03
     Coulomb-14        LJ (SR)  Disper. corr.   Coulomb (SR)   Coul. recip.
   -2.36865e+04    3.43762e+04   -2.32064e+03   -3.03815e+05    9.09315e+02
      Potential    Kinetic En.   Total Energy  Conserved En.    Temperature
   -2.86921e+05    4.56204e+04   -2.41301e+05   -2.72702e+05    3.02766e+02
 Pres. DC (bar) Pressure (bar)   Constr. rmsd
   -2.14343e+02   -6.18600e+02    2.61040e-06


DD  step 139999 load imb.: force  4.7%
           Step           Time
         140000     2280.00000

   Energies (kJ/mol)
           Bond          Angle    Proper Dih.Periodic Improper Dih.          LJ-14
    1.16574e+03    2.52901e+03    3.00235e+03    4.39064e+01    9.90816e+02
     Coulomb-14        LJ (SR)  Disper. corr.   Coulomb (SR)   Coul. recip.
   -2.36603e+04    3.50829e+04   -2.32064e+03   -3.05110e+05    8.70145e+02
      Potential    Kinetic En.   Total Energy  Conserved En.    Temperature
   -2.87406e+05    4.48394e+04   -2.42567e+05   -2.72614e+05    2.97582e+02
 Pres. DC (bar) Pressure (bar)   Constr. rmsd
   -2.14343e+02   -3.79625e+02    2.33360e-06


DD  step 144999 load imb.: force  1.8%
           Step           Time
         145000     2290.00000

   Energies (kJ/mol)
           Bond          Angle    Proper Dih.Periodic Improper Dih.          LJ-14
    1.06826e+03    2.23930e+03    3.03013e+03    3.20722e+01    1.03290e+03
     Coulomb-14        LJ (SR)  Disper. corr.   Coulomb (SR)   Coul. recip.
   -2.36740e+04    3.44631e+04   -2.32064e+03   -3.03283e+05    8.15655e+02
      Potential    Kinetic En.   Total Energy  Conserved En.    Temperature
   -2.86597e+05    4.41103e+04   -2.42486e+05   -2.72725e+05    2.92744e+02
 Pres. DC (bar) Pressure (bar)   Constr. rmsd
   -2.14343e+02   -1.93156e+02    3.03987e-06


DD  step 149999 load imb.: force  3.8%
           Step           Time
         150000     2300.00000

   Energies (kJ/mol)
           Bond          Angle    Proper Dih.Periodic Improper Dih.          LJ-14
    1.04680e+03    2.31148e+03    3.02350e+03    5.37888e+01    1.04819e+03
     Coulomb-14        LJ (SR)  Disper. corr.   Coulomb (SR)   Coul. recip.
   -2.36604e+04    3.53724e+04   -2.32064e+03   -3.05057e+05    8.69800e+02
      Potential    Kinetic En.   Total Energy  Conserved En.    Temperature
   -2.87312e+05    4.49497e+04   -2.42362e+05   -2.72392e+05    2.98315e+02
 Pres. DC (bar) Pressure (bar)   Constr. rmsd
   -2.14343e+02   -1.97846e+02    2.99726e-06


DD  step 154999 load imb.: force  4.0%
           Step           Time
         155000     2310.00000

   Energies (kJ/mol)
           Bond          Angle    Proper Dih.Periodic Improper Dih.          LJ-14
    1.05981e+03    2.37673e+03    2.93037e+03    4.32167e+01    1.05475e+03
     Coulomb-14        LJ (SR)  Disper. corr.   Coulomb (SR)   Coul. recip.
   -2.36799e+04    3.49670e+04   -2.32064e+03   -3.05479e+05    8.46384e+02
      Potential    Kinetic En.   Total Energy  Conserved En.    Temperature
   -2.88202e+05    4.44282e+04   -2.43773e+05   -2.72290e+05    2.94853e+02
 Pres. DC (bar) Pressure (bar)   Constr. rmsd
   -2.14343e+02   -3.02273e+02    2.34735e-06


DD  step 159999 load imb.: force  3.3%
           Step           Time
         160000     2320.00000

   Energies (kJ/mol)
           Bond          Angle    Proper Dih.Periodic Improper Dih.          LJ-14
    1.17680e+03    2.35321e+03    3.02560e+03    4.19137e+01    1.05282e+03
     Coulomb-14        LJ (SR)  Disper. corr.   Coulomb (SR)   Coul. recip.
   -2.35792e+04    3.41065e+04   -2.32064e+03   -3.03388e+05    8.54077e+02
      Potential    Kinetic En.   Total Energy  Conserved En.    Temperature
   -2.86677e+05    4.50548e+04   -2.41622e+05   -2.72275e+05    2.99012e+02
 Pres. DC (bar) Pressure (bar)   Constr. rmsd
   -2.14343e+02   -1.44990e+02    3.29732e-06


DD  step 164999 load imb.: force  3.4%
           Step           Time
         165000     2330.00000

   Energies (kJ/mol)
           Bond          Angle    Proper Dih.Periodic Improper Dih.          LJ-14
    1.27359e+03    2.58185e+03    2.89923e+03    4.08334e+01    9.95215e+02
     Coulomb-14        LJ (SR)  Disper. corr.   Coulomb (SR)   Coul. recip.
   -2.37544e+04    3.47891e+04   -2.32064e+03   -3.04783e+05    8.50209e+02
      Potential    Kinetic En.   Total Energy  Conserved En.    Temperature
   -2.87428e+05    4.49203e+04   -2.42508e+05   -2.72212e+05    2.98120e+02
 Pres. DC (bar) Pressure (bar)   Constr. rmsd
   -2.14343e+02   -5.33565e+02    2.03823e-06


DD  step 169999 load imb.: force  1.1%
           Step           Time
         170000     2340.00000

   Energies (kJ/mol)
           Bond          Angle    Proper Dih.Periodic Improper Dih.          LJ-14
    1.24517e+03    2.68550e+03    2.82916e+03    3.85920e+01    9.53314e+02
     Coulomb-14        LJ (SR)  Disper. corr.   Coulomb (SR)   Coul. recip.
   -2.37212e+04    3.51020e+04   -2.32064e+03   -3.04971e+05    8.40723e+02
      Potential    Kinetic En.   Total Energy  Conserved En.    Temperature
   -2.87318e+05    4.50271e+04   -2.42291e+05   -2.72167e+05    2.98828e+02
 Pres. DC (bar) Pressure (bar)   Constr. rmsd
   -2.14343e+02   -5.28835e+02    2.14910e-06


DD  step 174999 load imb.: force  2.5%
           Step           Time
         175000     2350.00000

   Energies (kJ/mol)
           Bond          Angle    Proper Dih.Periodic Improper Dih.          LJ-14
    1.24565e+03    2.38211e+03    3.04580e+03    3.87753e+01    1.02066e+03
     Coulomb-14        LJ (SR)  Disper. corr.   Coulomb (SR)   Coul. recip.
   -2.36281e+04    3.45994e+04   -2.32064e+03   -3.04688e+05    8.94288e+02
      Potential    Kinetic En.   Total Energy  Conserved En.    Temperature
   -2.87410e+05    4.49956e+04   -2.42414e+05   -2.72034e+05    2.98619e+02
 Pres. DC (bar) Pressure (bar)   Constr. rmsd
   -2.14343e+02   -4.42555e+02    2.52874e-06


DD  step 179999 load imb.: force  2.1%
           Step           Time
         180000     2360.00000

   Energies (kJ/mol)
           Bond          Angle    Proper Dih.Periodic Improper Dih.          LJ-14
    1.12769e+03    2.53529e+03    2.95301e+03    6.20633e+01    1.03323e+03
     Coulomb-14        LJ (SR)  Disper. corr.   Coulomb (SR)   Coul. recip.
   -2.37427e+04    3.48288e+04   -2.32064e+03   -3.04487e+05    8.78919e+02
      Potential    Kinetic En.   Total Energy  Conserved En.    Temperature
   -2.87131e+05    4.48225e+04   -2.42309e+05   -2.71981e+05    2.97471e+02
 Pres. DC (bar) Pressure (bar)   Constr. rmsd
   -2.14343e+02   -4.73913e+02    1.99983e-06


DD  step 184999 load imb.: force  2.4%
           Step           Time
         185000     2370.00000

   Energies (kJ/mol)
           Bond          Angle    Proper Dih.Periodic Improper Dih.          LJ-14
    1.10641e+03    2.52414e+03    2.95640e+03    6.08172e+01    1.07464e+03
     Coulomb-14        LJ (SR)  Disper. corr.   Coulomb (SR)   Coul. recip.
   -2.35745e+04    3.48730e+04   -2.32064e+03   -3.05365e+05    8.26033e+02
      Potential    Kinetic En.   Total Energy  Conserved En.    Temperature
   -2.87839e+05    4.47876e+04   -2.43051e+05   -2.71837e+05    2.97239e+02
 Pres. DC (bar) Pressure (bar)   Constr. rmsd
   -2.14343e+02   -3.85150e+02    2.74883e-06


DD  step 189999 load imb.: force  0.8%
           Step           Time
         190000     2380.00000

   Energies (kJ/mol)
           Bond          Angle    Proper Dih.Periodic Improper Dih.          LJ-14
    1.18685e+03    2.63309e+03    2.90750e+03    4.67789e+01    1.05084e+03
     Coulomb-14        LJ (SR)  Disper. corr.   Coulomb (SR)   Coul. recip.
   -2.36155e+04    3.49922e+04   -2.32064e+03   -3.05088e+05    8.48148e+02
      Potential    Kinetic En.   Total Energy  Conserved En.    Temperature
   -2.87359e+05    4.46927e+04   -2.42666e+05   -2.71969e+05    2.96609e+02
 Pres. DC (bar) Pressure (bar)   Constr. rmsd
   -2.14343e+02   -3.09302e+02    2.08513e-06


DD  step 194999 load imb.: force  2.3%
           Step           Time
         195000     2390.00000

   Energies (kJ/mol)
           Bond          Angle    Proper Dih.Periodic Improper Dih.          LJ-14
    1.18989e+03    2.49256e+03    3.00312e+03    5.56414e+01    1.03121e+03
     Coulomb-14        LJ (SR)  Disper. corr.   Coulomb (SR)   Coul. recip.
   -2.36542e+04    3.51911e+04   -2.32064e+03   -3.05431e+05    8.17023e+02
      Potential    Kinetic En.   Total Energy  Conserved En.    Temperature
   -2.87625e+05    4.42436e+04   -2.43382e+05   -2.71744e+05    2.93629e+02
 Pres. DC (bar) Pressure (bar)   Constr. rmsd
   -2.14343e+02   -3.18935e+02    2.77242e-06


DD  step 199999 load imb.: force  2.1%
           Step           Time
         200000     2400.00000

   Energies (kJ/mol)
           Bond          Angle    Proper Dih.Periodic Improper Dih.          LJ-14
    1.33470e+03    2.25298e+03    2.88228e+03    4.87549e+01    1.04539e+03
     Coulomb-14        LJ (SR)  Disper. corr.   Coulomb (SR)   Coul. recip.
   -2.36427e+04    3.42604e+04   -2.32064e+03   -3.04088e+05    9.08753e+02
      Potential    Kinetic En.   Total Energy  Conserved En.    Temperature
   -2.87318e+05    4.51445e+04   -2.42174e+05   -2.71724e+05    2.99607e+02
 Pres. DC (bar) Pressure (bar)   Constr. rmsd
   -2.14343e+02   -6.54229e+02    3.30999e-06


DD  step 204999 load imb.: force  1.2%
           Step           Time
         205000     2410.00000

   Energies (kJ/mol)
           Bond          Angle    Proper Dih.Periodic Improper Dih.          LJ-14
    1.09263e+03    2.29746e+03    2.94358e+03    4.35736e+01    1.04316e+03
     Coulomb-14        LJ (SR)  Disper. corr.   Coulomb (SR)   Coul. recip.
   -2.36632e+04    3.46035e+04   -2.32064e+03   -3.03977e+05    8.58767e+02
      Potential    Kinetic En.   Total Energy  Conserved En.    Temperature
   -2.87078e+05    4.50955e+04   -2.41983e+05   -2.71490e+05    2.99282e+02
 Pres. DC (bar) Pressure (bar)   Constr. rmsd
   -2.14343e+02   -3.92143e+02    2.73765e-06


DD  step 209999 load imb.: force  8.3%
           Step           Time
         210000     2420.00000

   Energies (kJ/mol)
           Bond          Angle    Proper Dih.Periodic Improper Dih.          LJ-14
    1.31391e+03    2.33711e+03    2.90748e+03    3.77935e+01    1.03117e+03
     Coulomb-14        LJ (SR)  Disper. corr.   Coulomb (SR)   Coul. recip.
   -2.36885e+04    3.37434e+04   -2.32064e+03   -3.03175e+05    8.60694e+02
      Potential    Kinetic En.   Total Energy  Conserved En.    Temperature
   -2.86952e+05    4.47682e+04   -2.42184e+05   -2.71432e+05    2.97110e+02
 Pres. DC (bar) Pressure (bar)   Constr. rmsd
   -2.14343e+02   -6.92181e+02    2.81829e-06


DD  step 214999 load imb.: force  0.3%
           Step           Time
         215000     2430.00000

   Energies (kJ/mol)
           Bond          Angle    Proper Dih.Periodic Improper Dih.          LJ-14
    1.22463e+03    2.60476e+03    2.90735e+03    5.10317e+01    1.03715e+03
     Coulomb-14        LJ (SR)  Disper. corr.   Coulomb (SR)   Coul. recip.
   -2.35379e+04    3.42613e+04   -2.32064e+03   -3.03507e+05    8.55064e+02
      Potential    Kinetic En.   Total Energy  Conserved En.    Temperature
   -2.86425e+05    4.50825e+04   -2.41342e+05   -2.71339e+05    2.99196e+02
 Pres. DC (bar) Pressure (bar)   Constr. rmsd
   -2.14343e+02   -2.84203e+02    2.22426e-06


DD  step 219999 load imb.: force  2.3%
           Step           Time
         220000     2440.00000

   Energies (kJ/mol)
           Bond          Angle    Proper Dih.Periodic Improper Dih.          LJ-14
    1.11007e+03    2.39837e+03    2.90952e+03    5.30070e+01    1.02949e+03
     Coulomb-14        LJ (SR)  Disper. corr.   Coulomb (SR)   Coul. recip.
   -2.35029e+04    3.49736e+04   -2.32064e+03   -3.05083e+05    8.47057e+02
      Potential    Kinetic En.   Total Energy  Conserved En.    Temperature
   -2.87586e+05    4.48455e+04   -2.42740e+05   -2.71269e+05    2.97623e+02
 Pres. DC (bar) Pressure (bar)   Constr. rmsd
   -2.14343e+02   -3.46140e+02    2.12382e-06


DD  step 224999 load imb.: force  2.6%
           Step           Time
         225000     2450.00000

   Energies (kJ/mol)
           Bond          Angle    Proper Dih.Periodic Improper Dih.          LJ-14
    1.09063e+03    2.38171e+03    2.93380e+03    7.51937e+01    1.03554e+03
     Coulomb-14        LJ (SR)  Disper. corr.   Coulomb (SR)   Coul. recip.
   -2.34919e+04    3.44219e+04   -2.32064e+03   -3.03929e+05    8.26877e+02
      Potential    Kinetic En.   Total Energy  Conserved En.    Temperature
   -2.86976e+05    4.49012e+04   -2.42075e+05   -2.70993e+05    2.97993e+02
 Pres. DC (bar) Pressure (bar)   Constr. rmsd
   -2.14343e+02   -4.16488e+02    2.62740e-06


DD  step 229999 load imb.: force  2.1%
           Step           Time
         230000     2460.00000

   Energies (kJ/mol)
           Bond          Angle    Proper Dih.Periodic Improper Dih.          LJ-14
    1.04988e+03    2.65594e+03    2.90368e+03    5.82335e+01    1.02608e+03
     Coulomb-14        LJ (SR)  Disper. corr.   Coulomb (SR)   Coul. recip.
   -2.36025e+04    3.56545e+04   -2.32064e+03   -3.04905e+05    8.70969e+02
      Potential    Kinetic En.   Total Energy  Conserved En.    Temperature
   -2.86608e+05    4.59193e+04   -2.40689e+05   -2.70913e+05    3.04750e+02
 Pres. DC (bar) Pressure (bar)   Constr. rmsd
   -2.14343e+02    2.39598e+00    2.52982e-06


DD  step 234999 load imb.: force  1.7%
           Step           Time
         235000     2470.00000

   Energies (kJ/mol)
           Bond          Angle    Proper Dih.Periodic Improper Dih.          LJ-14
    1.14391e+03    2.70240e+03    2.95671e+03    6.54548e+01    1.03075e+03
     Coulomb-14        LJ (SR)  Disper. corr.   Coulomb (SR)   Coul. recip.
   -2.36071e+04    3.54254e+04   -2.32064e+03   -3.05627e+05    8.51187e+02
      Potential    Kinetic En.   Total Energy  Conserved En.    Temperature
   -2.87379e+05    4.49238e+04   -2.42455e+05   -2.70785e+05    2.98142e+02
 Pres. DC (bar) Pressure (bar)   Constr. rmsd
   -2.14343e+02    3.69548e+01    2.32679e-06


DD  step 239999 load imb.: force  3.5%
           Step           Time
         240000     2480.00000

   Energies (kJ/mol)
           Bond          Angle    Proper Dih.Periodic Improper Dih.          LJ-14
    1.12884e+03    2.52653e+03    2.98045e+03    8.34106e+01    1.04378e+03
     Coulomb-14        LJ (SR)  Disper. corr.   Coulomb (SR)   Coul. recip.
   -2.34861e+04    3.53669e+04   -2.32064e+03   -3.05274e+05    9.00473e+02
      Potential    Kinetic En.   Total Energy  Conserved En.    Temperature
   -2.87051e+05    4.46420e+04   -2.42409e+05   -2.70715e+05    2.96273e+02
 Pres. DC (bar) Pressure (bar)   Constr. rmsd
   -2.14343e+02   -1.46137e+02    2.49761e-06


DD  step 244999 load imb.: force  0.9%
           Step           Time
         245000     2490.00000

   Energies (kJ/mol)
           Bond          Angle    Proper Dih.Periodic Improper Dih.          LJ-14
    1.22034e+03    2.53534e+03    2.98343e+03    3.33420e+01    1.02149e+03
     Coulomb-14        LJ (SR)  Disper. corr.   Coulomb (SR)   Coul. recip.
   -2.34578e+04    3.53367e+04   -2.32064e+03   -3.04864e+05    8.45229e+02
      Potential    Kinetic En.   Total Energy  Conserved En.    Temperature
   -2.86667e+05    4.52999e+04   -2.41367e+05   -2.70702e+05    3.00639e+02
 Pres. DC (bar) Pressure (bar)   Constr. rmsd
   -2.14343e+02   -1.33024e+02    3.27064e-06


DD  step 249999 load imb.: force  2.0%
           Step           Time
         250000     2500.00000

Writing checkpoint, step 250000 at Thu Apr 20 13:51:14 2023


   Energies (kJ/mol)
           Bond          Angle    Proper Dih.Periodic Improper Dih.          LJ-14
    1.03579e+03    2.43093e+03    2.93940e+03    5.89584e+01    1.02892e+03
     Coulomb-14        LJ (SR)  Disper. corr.   Coulomb (SR)   Coul. recip.
   -2.36388e+04    3.48731e+04   -2.32064e+03   -3.04299e+05    8.98679e+02
      Potential    Kinetic En.   Total Energy  Conserved En.    Temperature
   -2.86992e+05    4.47635e+04   -2.42229e+05   -2.70469e+05    2.97079e+02
 Pres. DC (bar) Pressure (bar)   Constr. rmsd
   -2.14343e+02   -3.22256e+02    2.01448e-06


Energy conservation over simulation part #1 of length 500 ns, time 2000 to 2500 ns
  Conserved energy drift: 7.76e-03 kJ/mol/ps per atom


	<======  ###############  ==>
	<====  A V E R A G E S  ====>
	<==  ###############  ======>

	Statistics over 250001 steps using 2501 frames

   Energies (kJ/mol)
           Bond          Angle    Proper Dih.Periodic Improper Dih.          LJ-14
    1.19214e+03    2.41402e+03    2.96880e+03    5.08244e+01    1.03297e+03
     Coulomb-14        LJ (SR)  Disper. corr.   Coulomb (SR)   Coul. recip.
   -2.36559e+04    3.47854e+04   -2.32064e+03   -3.04476e+05    8.72204e+02
      Potential    Kinetic En.   Total Energy  Conserved En.    Temperature
   -2.87136e+05    4.49241e+04   -2.42212e+05   -2.73148e+05    2.98145e+02
 Pres. DC (bar) Pressure (bar)   Constr. rmsd
   -2.14343e+02   -3.57892e+02    0.00000e+00

   Total Virial (kJ/mol)
    1.68972e+04   -1.56512e+00   -3.99441e+01
   -1.50647e+00    1.69840e+04    1.33708e+01
   -4.00566e+01    1.33372e+01    1.68622e+04

   Pressure (bar)
   -3.56600e+02   -1.73950e+00    6.90594e+00
   -1.75032e+00   -3.65750e+02   -1.24248e+00
    6.92670e+00   -1.23628e+00   -3.51326e+02

          T-DNA       T-nonDNA
    2.98118e+02    2.98147e+02


       P P   -   P M E   L O A D   B A L A N C I N G

 PP/PME load balancing changed the cut-off and PME settings:
           particle-particle                    PME
            rcoulomb  rlist            grid      spacing   1/beta
   initial  1.000 nm  1.001 nm      40  72  32   0.125 nm  0.320 nm
   final    1.200 nm  1.201 nm      36  60  28   0.150 nm  0.384 nm
 cost-ratio           1.73             0.66
 (note that these numbers concern only part of the total PP and PME load)


	M E G A - F L O P S   A C C O U N T I N G

 NB=Group-cutoff nonbonded kernels    NxN=N-by-N cluster Verlet kernels
 RF=Reaction-Field  VdW=Van der Waals  QSTab=quadratic-spline table
 W3=SPC/TIP3p  W4=TIP4p (single or pairs)
 V&F=Potential and force  V=Potential only  F=Force only

 Computing:                               M-Number         M-Flops  % Flops
-----------------------------------------------------------------------------
 Pair Search distance check            5442.621568       48983.594     0.0
 NxN Ewald Elec. + LJ [F]           6017330.005632   397143780.372    96.6
 NxN Ewald Elec. + LJ [V&F]           60805.580608     6506197.125     1.6
 Calc Weights                         13332.803331      479980.920     0.1
 Spread Q Bspline                    284433.137728      568866.275     0.1
 Gather F Bspline                    284433.137728     1706598.826     0.4
 3D-FFT                              485496.590348     3883972.723     0.9
 Solve PME                             2173.058240      139075.727     0.0
 Reset In Box                            44.442500         133.327     0.0
 CG-CoM                                  44.460277         133.381     0.0
 Virial                                  44.910457         808.388     0.0
 Stop-CM                                 44.460277         444.603     0.0
 Calc-Ekin                              888.885554       23999.910     0.0
 Lincs                                   84.446341        5066.780     0.0
 Lincs-Mat                              298.531236        1194.125     0.0
 Constraint-V                          4518.047957       40662.432     0.0
 Constraint-Vir                          44.353654        1064.488     0.0
 Settle                                1449.718425      536395.817     0.1
-----------------------------------------------------------------------------
 Total                                               411087358.814   100.0
-----------------------------------------------------------------------------


    D O M A I N   D E C O M P O S I T I O N   S T A T I S T I C S

 av. #atoms communicated per step for force:  2 x 10680.5
 av. #atoms communicated per step for LINCS:  2 x 657.3


Dynamic load balancing report:
 DLB was off during the run due to low measured imbalance.
 Average load imbalance: 2.7%.
 The balanceable part of the MD step is 50%, load imbalance is computed from this.
 Part of the total run time spent waiting due to load imbalance: 1.4%.


     R E A L   C Y C L E   A N D   T I M E   A C C O U N T I N G

On 4 MPI ranks, each using 8 OpenMP threads

 Computing:          Num   Num      Call    Wall time         Giga-Cycles
                     Ranks Threads  Count      (s)         total sum    %
-----------------------------------------------------------------------------
 Domain decomp.         4    8       2500       4.843        309.906   1.6
 DD comm. load          4    8       2487       0.044          2.833   0.0
 Neighbor search        4    8       2501       2.277        145.700   0.7
 Launch GPU ops.        4    8     500002       6.364        407.291   2.1
 Comm. coord.           4    8     247500      10.542        674.659   3.4
 Force                  4    8     250001       4.171        266.912   1.4
 Wait + Comm. F         4    8     250001      11.845        757.999   3.9
 PME mesh               4    8     250001     208.910      13369.277  68.2
 Wait Bonded GPU        4    8       2501       0.001          0.064   0.0
 Wait GPU NB nonloc.    4    8     250001       1.062         67.963   0.3
 Wait GPU NB local      4    8     250001       0.496         31.769   0.2
 NB X/F buffer ops.     4    8     995002      17.167       1098.579   5.6
 Write traj.            4    8         14       0.046          2.924   0.0
 Update                 4    8     250001       7.111        455.065   2.3
 Constraints            4    8     250001      24.406       1561.886   8.0
 Comm. energies         4    8      25001       1.657        106.046   0.5
 Rest                                           5.210        333.439   1.7
-----------------------------------------------------------------------------
 Total                                        306.152      19592.310 100.0
-----------------------------------------------------------------------------
 Breakdown of PME mesh computation
-----------------------------------------------------------------------------
 PME redist. X/F        4    8     500002      51.682       3307.435  16.9
 PME spread             4    8     250001      44.725       2862.205  14.6
 PME gather             4    8     250001      40.731       2606.589  13.3
 PME 3D-FFT             4    8     500002      30.641       1960.865  10.0
 PME 3D-FFT Comm.       4    8     500002      39.427       2523.131  12.9
 PME solve Elec         4    8     250001       1.223         78.270   0.4
-----------------------------------------------------------------------------

               Core t (s)   Wall t (s)        (%)
       Time:     9796.849      306.152     3200.0
                 (ns/day)    (hour/ns)
Performance:      141.107        0.170
Finished mdrun on rank 0 Thu Apr 20 13:51:14 2023

